Log file open, 12/08/21 21:11:26
LogWindows: Failed to load 'aqProf.dll' (GetLastError=126)
LogWindows: File 'aqProf.dll' does not exist
LogWindows: Failed to load 'VtuneApi.dll' (GetLastError=126)
LogWindows: File 'VtuneApi.dll' does not exist
LogWindows: Failed to load 'VtuneApi32e.dll' (GetLastError=126)
LogWindows: File 'VtuneApi32e.dll' does not exist
LogConsoleResponse: Display: Failed to find resolution value strings in scalability ini. Falling back to default.
LogConsoleResponse: Display: Failed to find resolution value strings in scalability ini. Falling back to default.
LogInit: Display: Running engine for game: GameVaquero
LogPlatformFile: Not using cached read wrapper
LogTaskGraph: Started task graph with 5 named threads and 35 total threads with 3 sets of task threads.
LogStats: Stats thread started at 0.240865
LogICUInternationalization: ICU TimeZone Detection - Raw Offset: +1:00, Platform Override: ''
LogInit: Display: Loading text-based GConfig....
LogPluginManager: Mounting plugin MeshPainting
LogPluginManager: Mounting plugin XGEController
LogPluginManager: Mounting plugin AISupport
LogPluginManager: Mounting plugin Paper2D
LogPluginManager: Mounting plugin EnvironmentQueryEditor
LogPluginManager: Mounting plugin LiveLink
LogPluginManager: Mounting plugin LightPropagationVolume
LogPluginManager: Mounting plugin AnimationSharing
LogPluginManager: Mounting plugin CodeLiteSourceCodeAccess
LogPluginManager: Mounting plugin GitSourceControl
LogPluginManager: Mounting plugin CLionSourceCodeAccess
LogPluginManager: Mounting plugin NullSourceCodeAccess
LogPluginManager: Mounting plugin KDevelopSourceCodeAccess
LogPluginManager: Mounting plugin PerforceSourceControl
LogPluginManager: Mounting plugin PixWinPlugin
LogPluginManager: Mounting plugin PlasticSourceControl
LogPluginManager: Mounting plugin PropertyAccessNode
LogPluginManager: Mounting plugin PluginUtils
LogPluginManager: Mounting plugin SubversionSourceControl
LogPluginManager: Mounting plugin TextureFormatOodle
LogPluginManager: Mounting plugin RiderSourceCodeAccess
LogPluginManager: Mounting plugin UObjectPlugin
LogPluginManager: Mounting plugin VisualStudioCodeSourceCodeAccess
LogPluginManager: Mounting plugin OodleData
LogPluginManager: Mounting plugin VisualStudioSourceCodeAccess
LogPluginManager: Mounting plugin XCodeSourceCodeAccess
LogPluginManager: Mounting plugin OodleNetwork
LogPluginManager: Mounting plugin AssetManagerEditor
LogPluginManager: Mounting plugin CurveEditorTools
LogPluginManager: Mounting plugin CryptoKeys
LogPluginManager: Mounting plugin DataValidation
LogPluginManager: Mounting plugin FacialAnimation
LogPluginManager: Mounting plugin GameplayTagsEditor
LogPluginManager: Mounting plugin GeometryMode
LogPluginManager: Mounting plugin MacGraphicsSwitching
LogPluginManager: Mounting plugin MaterialAnalyzer
LogPluginManager: Mounting plugin MobileLauncherProfileWizard
LogPluginManager: Mounting plugin PluginBrowser
LogPluginManager: Mounting plugin SpeedTreeImporter
LogPluginManager: Mounting plugin DatasmithContent
LogPluginManager: Mounting plugin VariantManagerContent
LogPluginManager: Mounting plugin AutomationUtils
LogPluginManager: Mounting plugin AlembicImporter
LogPluginManager: Mounting plugin BackChannel
LogPluginManager: Mounting plugin ChaosCloth
LogPluginManager: Mounting plugin ChaosClothEditor
LogPluginManager: Mounting plugin ChaosEditor
LogPluginManager: Mounting plugin ChaosNiagara
LogPluginManager: Mounting plugin ChaosSolverPlugin
LogPluginManager: Mounting plugin CharacterAI
LogPluginManager: Mounting plugin Niagara
LogPluginManager: Mounting plugin AndroidMedia
LogPluginManager: Mounting plugin AvfMedia
LogPluginManager: Mounting plugin ImgMedia
LogPluginManager: Mounting plugin MediaCompositing
LogPluginManager: Mounting plugin MediaPlayerEditor
LogPluginManager: Mounting plugin WmfMedia
LogPluginManager: Mounting plugin WebMMedia
LogPluginManager: Mounting plugin GeometryCache
LogPluginManager: Mounting plugin GeometryCollectionPlugin
LogPluginManager: Mounting plugin GeometryProcessing
LogPluginManager: Mounting plugin OpenImageDenoise
LogPluginManager: Mounting plugin PlanarCut
LogPluginManager: Mounting plugin MotoSynth
LogPluginManager: Mounting plugin PlatformCrypto
LogPluginManager: Mounting plugin ProxyLODPlugin
LogPluginManager: Mounting plugin PythonScriptPlugin
LogPluginManager: Mounting plugin SkeletalReduction
LogPluginManager: Mounting plugin LuminPlatformFeatures
LogPluginManager: Mounting plugin MagicLeap
LogPluginManager: Mounting plugin MagicLeapLightEstimation
LogPluginManager: Mounting plugin MagicLeapMedia
LogPluginManager: Mounting plugin TcpMessaging
LogPluginManager: Mounting plugin UdpMessaging
LogPluginManager: Mounting plugin MagicLeapPassableWorld
LogPluginManager: Mounting plugin MLSDK
LogPluginManager: Mounting plugin ActorSequence
LogPluginManager: Mounting plugin MatineeToLevelSequence
LogPluginManager: Mounting plugin LevelSequenceEditor
LogPluginManager: Mounting plugin TemplateSequence
LogPluginManager: Mounting plugin OnlineSubsystem
LogPluginManager: Mounting plugin OnlineSubsystemNull
LogPluginManager: Mounting plugin OnlineSubsystemUtils
LogPluginManager: Mounting plugin LauncherChunkInstaller
LogPluginManager: Mounting plugin ActorLayerUtilities
LogPluginManager: Mounting plugin AndroidMoviePlayer
LogPluginManager: Mounting plugin AndroidDeviceProfileSelector
LogPluginManager: Mounting plugin AndroidPermission
LogPluginManager: Mounting plugin AppleImageUtils
LogPluginManager: Mounting plugin AppleMoviePlayer
LogPluginManager: Mounting plugin ArchVisCharacter
LogPluginManager: Mounting plugin AssetTags
LogPluginManager: Mounting plugin AudioCapture
LogPluginManager: Mounting plugin AudioSynesthesia
LogPluginManager: Mounting plugin ChunkDownloader
LogPluginManager: Mounting plugin CableComponent
LogPluginManager: Mounting plugin CustomMeshComponent
LogPluginManager: Mounting plugin EditableMesh
LogPluginManager: Mounting plugin ExampleDeviceProfileSelector
LogPluginManager: Mounting plugin GoogleCloudMessaging
LogPluginManager: Mounting plugin GooglePAD
LogPluginManager: Mounting plugin IOSDeviceProfileSelector
LogPluginManager: Mounting plugin LinuxDeviceProfileSelector
LogPluginManager: Mounting plugin LocationServicesBPLibrary
LogPluginManager: Mounting plugin MobilePatchingUtils
LogPluginManager: Mounting plugin OpenXR
LogPluginManager: Mounting plugin OpenXREyeTracker
LogPluginManager: Mounting plugin OpenXRHandTracking
LogPluginManager: Mounting plugin ScreenshotTools
LogPluginManager: Mounting plugin PhysXVehicles
LogPluginManager: Mounting plugin PostSplashScreen
LogPluginManager: Mounting plugin ProceduralMeshComponent
LogPluginManager: Mounting plugin PropertyAccessEditor
LogPluginManager: Mounting plugin RuntimePhysXCooking
LogPluginManager: Mounting plugin SignificanceManager
LogPluginManager: Mounting plugin SoundFields
LogPluginManager: Mounting plugin Synthesis
LogPluginManager: Mounting plugin Takes
LogPluginManager: Mounting plugin WebMMoviePlayer
LogPluginManager: Mounting plugin WindowsMoviePlayer
LogPluginManager: Mounting plugin GameplayCameras
LogPluginManager: Mounting plugin CameraShakePreviewer
LogPluginManager: Mounting plugin ContentBrowserAssetDataSource
LogPluginManager: Mounting plugin ContentBrowserClassDataSource
LogPluginManager: Mounting plugin ContentBrowserFileDataSource
LogPluginManager: Mounting plugin OnlineSubsystemGooglePlay
LogPluginManager: Mounting plugin OnlineSubsystemIOS
LogPluginManager: Mounting plugin OculusVR
LogPluginManager: Mounting plugin SteamVR
PixWinPlugin: PIX capture plugin failed to initialize! Check that the process is launched from PIX.
LogInit: Using libcurl 7.55.1-DEV
LogInit:  - built for x86_64-pc-win32
LogInit:  - supports SSL with OpenSSL/1.1.1
LogInit:  - supports HTTP deflate (compression) using libz 1.2.8
LogInit:  - other features:
LogInit:      CURL_VERSION_SSL
LogInit:      CURL_VERSION_LIBZ
LogInit:      CURL_VERSION_IPV6
LogInit:      CURL_VERSION_ASYNCHDNS
LogInit:      CURL_VERSION_LARGEFILE
LogInit:      CURL_VERSION_IDN
LogInit:  CurlRequestOptions (configurable via config and command line):
LogInit:  - bVerifyPeer = true  - Libcurl will verify peer certificate
LogInit:  - bUseHttpProxy = false  - Libcurl will NOT use HTTP proxy
LogInit:  - bDontReuseConnections = false  - Libcurl will reuse connections
LogInit:  - MaxHostConnections = 16  - Libcurl will limit the number of connections to a host
LogInit:  - LocalHostAddr = Default
LogInit:  - BufferSize = 65536
LogOnline: OSS: Creating online subsystem instance for: NULL
LogInit: WinSock: version 1.1 (2.2), MaxSocks=32767, MaxUdp=65467
LogOnline: OSS: TryLoadSubsystemAndSetDefault: Loaded subsystem for module [NULL]
LogOculusPluginWrapper: OculusPlugin initialized successfully
LogHMD: Failed initializing OVRPlugin 1.59.0
LogInit: Build: ++UE4+Release-4.27-CL-18319896
LogInit: Engine Version: 4.27.2-18319896+++UE4+Release-4.27
LogInit: Compatible Engine Version: 4.27.0-17155196+++UE4+Release-4.27
LogInit: Net CL: 17155196
LogInit: OS: Windows 10 (Release 2009) (), CPU: AMD Ryzen 5 2600 Six-Core Processor            , GPU: NVIDIA GeForce RTX 2060
LogInit: Compiled (64-bit): Nov 30 2021 07:12:08
LogInit: Compiled with Visual C++: 19.24.28315.00
LogInit: Build Configuration: Development
LogInit: Branch Name: ++UE4+Release-4.27
LogInit: Command Line: 
LogInit: Base Directory: C:/Program Files/Epic Games/UE_4.27/Engine/Binaries/Win64/
LogInit: Allocator: TBB
LogInit: Installed Engine Build: 1
LogDevObjectVersion: Number of dev versions registered: 29
LogDevObjectVersion:   Dev-Blueprints (B0D832E4-1F89-4F0D-ACCF-7EB736FD4AA2): 10
LogDevObjectVersion:   Dev-Build (E1C64328-A22C-4D53-A36C-8E866417BD8C): 0
LogDevObjectVersion:   Dev-Core (375EC13C-06E4-48FB-B500-84F0262A717E): 4
LogDevObjectVersion:   Dev-Editor (E4B068ED-F494-42E9-A231-DA0B2E46BB41): 40
LogDevObjectVersion:   Dev-Framework (CFFC743F-43B0-4480-9391-14DF171D2073): 37
LogDevObjectVersion:   Dev-Mobile (B02B49B5-BB20-44E9-A304-32B752E40360): 3
LogDevObjectVersion:   Dev-Networking (A4E4105C-59A1-49B5-A7C5-40C4547EDFEE): 0
LogDevObjectVersion:   Dev-Online (39C831C9-5AE6-47DC-9A44-9C173E1C8E7C): 0
LogDevObjectVersion:   Dev-Physics (78F01B33-EBEA-4F98-B9B4-84EACCB95AA2): 14
LogDevObjectVersion:   Dev-Platform (6631380F-2D4D-43E0-8009-CF276956A95A): 0
LogDevObjectVersion:   Dev-Rendering (12F88B9F-8875-4AFC-A67C-D90C383ABD29): 45
LogDevObjectVersion:   Dev-Sequencer (7B5AE74C-D270-4C10-A958-57980B212A5A): 13
LogDevObjectVersion:   Dev-VR (D7296918-1DD6-4BDD-9DE2-64A83CC13884): 3
LogDevObjectVersion:   Dev-LoadTimes (C2A15278-BFE7-4AFE-6C17-90FF531DF755): 1
LogDevObjectVersion:   Private-Geometry (6EACA3D4-40EC-4CC1-B786-8BED09428FC5): 3
LogDevObjectVersion:   Dev-AnimPhys (29E575DD-E0A3-4627-9D10-D276232CDCEA): 17
LogDevObjectVersion:   Dev-Anim (AF43A65D-7FD3-4947-9873-3E8ED9C1BB05): 15
LogDevObjectVersion:   Dev-ReflectionCapture (6B266CEC-1EC7-4B8F-A30B-E4D90942FC07): 1
LogDevObjectVersion:   Dev-Automation (0DF73D61-A23F-47EA-B727-89E90C41499A): 1
LogDevObjectVersion:   FortniteMain (601D1886-AC64-4F84-AA16-D3DE0DEAC7D6): 47
LogDevObjectVersion:   FortniteRelease (E7086368-6B23-4C58-8439-1B7016265E91): 1
LogDevObjectVersion:   Dev-Enterprise (9DFFBCD6-494F-0158-E221-12823C92A888): 10
LogDevObjectVersion:   Dev-Niagara (F2AED0AC-9AFE-416F-8664-AA7FFA26D6FC): 1
LogDevObjectVersion:   Dev-Destruction (174F1F0B-B4C6-45A5-B13F-2EE8D0FB917D): 10
LogDevObjectVersion:   Dev-Physics-Ext (35F94A83-E258-406C-A318-09F59610247C): 41
LogDevObjectVersion:   Dev-PhysicsMaterial-Chaos (B68FC16E-8B1B-42E2-B453-215C058844FE): 1
LogDevObjectVersion:   Dev-CineCamera (B2E18506-4273-CFC2-A54E-F4BB758BBA07): 1
LogDevObjectVersion:   Dev-VirtualProduction (64F58936-FD1B-42BA-BA96-7289D5D0FA4E): 1
LogDevObjectVersion:   Dev-MediaFramework (6F0ED827-A609-4895-9C91-998D90180EA4): 2
LogInit: Presizing for max 25165824 objects, including 0 objects not considered by GC, pre-allocating 0 bytes for permanent pool.
LogConfig: Applying CVar settings from Section [/Script/Engine.StreamingSettings] File [C:/Git/labsSEV_Vaqueros/GameVaquero/Saved/Config/Windows/Engine.ini]
LogConfig: Setting CVar [[s.MinBulkDataSizeForAsyncLoading:131072]]
LogConfig: Setting CVar [[s.AsyncLoadingThreadEnabled:0]]
LogConfig: Setting CVar [[s.EventDrivenLoaderEnabled:1]]
LogConfig: Setting CVar [[s.WarnIfTimeLimitExceeded:0]]
LogConfig: Setting CVar [[s.TimeLimitExceededMultiplier:1.5]]
LogConfig: Setting CVar [[s.TimeLimitExceededMinTime:0.005]]
LogConfig: Setting CVar [[s.UseBackgroundLevelStreaming:1]]
LogConfig: Setting CVar [[s.PriorityAsyncLoadingExtraTime:15.0]]
LogConfig: Setting CVar [[s.LevelStreamingActorsUpdateTimeLimit:5.0]]
LogConfig: Setting CVar [[s.PriorityLevelStreamingActorsUpdateExtraTime:5.0]]
LogConfig: Setting CVar [[s.LevelStreamingComponentsRegistrationGranularity:10]]
LogConfig: Setting CVar [[s.UnregisterComponentsTimeLimit:1.0]]
LogConfig: Setting CVar [[s.LevelStreamingComponentsUnregistrationGranularity:5]]
LogConfig: Setting CVar [[s.FlushStreamingOnExit:1]]
LogInit: Object subsystem initialized
LogConfig: Setting CVar [[con.DebugEarlyDefault:1]]
LogConfig: Setting CVar [[r.setres:1280x720]]
[2021.12.08-20.11.27:350][  0]LogConfig: Setting CVar [[r.VSync:0]]
[2021.12.08-20.11.27:350][  0]LogConfig: Setting CVar [[r.RHICmdBypass:0]]
[2021.12.08-20.11.27:350][  0]LogConfig: Applying CVar settings from Section [/Script/Engine.RendererSettings] File [C:/Git/labsSEV_Vaqueros/GameVaquero/Saved/Config/Windows/Engine.ini]
[2021.12.08-20.11.27:350][  0]LogConfig: Setting CVar [[r.GPUCrashDebugging:0]]
[2021.12.08-20.11.27:350][  0]LogConfig: Applying CVar settings from Section [/Script/Engine.RendererOverrideSettings] File [C:/Git/labsSEV_Vaqueros/GameVaquero/Saved/Config/Windows/Engine.ini]
[2021.12.08-20.11.27:350][  0]LogConfig: Applying CVar settings from Section [/Script/Engine.StreamingSettings] File [C:/Git/labsSEV_Vaqueros/GameVaquero/Saved/Config/Windows/Engine.ini]
[2021.12.08-20.11.27:350][  0]LogConfig: Setting CVar [[s.MinBulkDataSizeForAsyncLoading:131072]]
[2021.12.08-20.11.27:350][  0]LogConfig: Setting CVar [[s.AsyncLoadingThreadEnabled:0]]
[2021.12.08-20.11.27:350][  0]LogConfig: Setting CVar [[s.EventDrivenLoaderEnabled:1]]
[2021.12.08-20.11.27:350][  0]LogConfig: Setting CVar [[s.WarnIfTimeLimitExceeded:0]]
[2021.12.08-20.11.27:350][  0]LogConfig: Setting CVar [[s.TimeLimitExceededMultiplier:1.5]]
[2021.12.08-20.11.27:350][  0]LogConfig: Setting CVar [[s.TimeLimitExceededMinTime:0.005]]
[2021.12.08-20.11.27:350][  0]LogConfig: Setting CVar [[s.UseBackgroundLevelStreaming:1]]
[2021.12.08-20.11.27:350][  0]LogConfig: Setting CVar [[s.PriorityAsyncLoadingExtraTime:15.0]]
[2021.12.08-20.11.27:350][  0]LogConfig: Setting CVar [[s.LevelStreamingActorsUpdateTimeLimit:5.0]]
[2021.12.08-20.11.27:350][  0]LogConfig: Setting CVar [[s.PriorityLevelStreamingActorsUpdateExtraTime:5.0]]
[2021.12.08-20.11.27:350][  0]LogConfig: Setting CVar [[s.LevelStreamingComponentsRegistrationGranularity:10]]
[2021.12.08-20.11.27:350][  0]LogConfig: Setting CVar [[s.UnregisterComponentsTimeLimit:1.0]]
[2021.12.08-20.11.27:350][  0]LogConfig: Setting CVar [[s.LevelStreamingComponentsUnregistrationGranularity:5]]
[2021.12.08-20.11.27:350][  0]LogConfig: Setting CVar [[s.FlushStreamingOnExit:1]]
[2021.12.08-20.11.27:350][  0]LogConfig: Applying CVar settings from Section [/Script/Engine.GarbageCollectionSettings] File [C:/Git/labsSEV_Vaqueros/GameVaquero/Saved/Config/Windows/Engine.ini]
[2021.12.08-20.11.27:350][  0]LogConfig: Setting CVar [[gc.MaxObjectsNotConsideredByGC:1]]
[2021.12.08-20.11.27:350][  0]LogConfig: Setting CVar [[gc.SizeOfPermanentObjectPool:0]]
[2021.12.08-20.11.27:350][  0]LogConfig: Setting CVar [[gc.FlushStreamingOnGC:0]]
[2021.12.08-20.11.27:350][  0]LogConfig: Setting CVar [[gc.NumRetriesBeforeForcingGC:10]]
[2021.12.08-20.11.27:351][  0]LogConfig: Setting CVar [[gc.AllowParallelGC:1]]
[2021.12.08-20.11.27:351][  0]LogConfig: Setting CVar [[gc.TimeBetweenPurgingPendingKillObjects:61.1]]
[2021.12.08-20.11.27:351][  0]LogConfig: Setting CVar [[gc.MaxObjectsInEditor:25165824]]
[2021.12.08-20.11.27:351][  0]LogConfig: Setting CVar [[gc.IncrementalBeginDestroyEnabled:1]]
[2021.12.08-20.11.27:351][  0]LogConfig: Setting CVar [[gc.CreateGCClusters:1]]
[2021.12.08-20.11.27:351][  0]LogConfig: Setting CVar [[gc.MinGCClusterSize:5]]
[2021.12.08-20.11.27:351][  0]LogConfig: Setting CVar [[gc.ActorClusteringEnabled:0]]
[2021.12.08-20.11.27:351][  0]LogConfig: Setting CVar [[gc.BlueprintClusteringEnabled:0]]
[2021.12.08-20.11.27:351][  0]LogConfig: Setting CVar [[gc.UseDisregardForGCOnDedicatedServers:0]]
[2021.12.08-20.11.27:351][  0]LogConfig: Setting CVar [[gc.MultithreadedDestructionEnabled:1]]
[2021.12.08-20.11.27:351][  0]LogConfig: Applying CVar settings from Section [/Script/Engine.NetworkSettings] File [C:/Git/labsSEV_Vaqueros/GameVaquero/Saved/Config/Windows/Engine.ini]
[2021.12.08-20.11.27:351][  0]LogConfig: Applying CVar settings from Section [/Script/UnrealEd.CookerSettings] File [C:/Git/labsSEV_Vaqueros/GameVaquero/Saved/Config/Windows/Engine.ini]
[2021.12.08-20.11.27:363][  0]LogConfig: Applying CVar settings from Section [ViewDistanceQuality@3] File [C:/Git/labsSEV_Vaqueros/GameVaquero/Saved/Config/Windows/Scalability.ini]
[2021.12.08-20.11.27:363][  0]LogConfig: Setting CVar [[r.SkeletalMeshLODBias:0]]
[2021.12.08-20.11.27:363][  0]LogConfig: Setting CVar [[r.ViewDistanceScale:1.0]]
[2021.12.08-20.11.27:363][  0]LogConfig: Applying CVar settings from Section [AntiAliasingQuality@3] File [C:/Git/labsSEV_Vaqueros/GameVaquero/Saved/Config/Windows/Scalability.ini]
[2021.12.08-20.11.27:363][  0]LogConfig: Setting CVar [[r.PostProcessAAQuality:4]]
[2021.12.08-20.11.27:363][  0]LogConfig: Applying CVar settings from Section [ShadowQuality@3] File [C:/Git/labsSEV_Vaqueros/GameVaquero/Saved/Config/Windows/Scalability.ini]
[2021.12.08-20.11.27:363][  0]LogConfig: Setting CVar [[r.LightFunctionQuality:1]]
[2021.12.08-20.11.27:363][  0]LogConfig: Setting CVar [[r.ShadowQuality:5]]
[2021.12.08-20.11.27:363][  0]LogConfig: Setting CVar [[r.Shadow.CSM.MaxCascades:10]]
[2021.12.08-20.11.27:363][  0]LogConfig: Setting CVar [[r.Shadow.MaxResolution:2048]]
[2021.12.08-20.11.27:363][  0]LogConfig: Setting CVar [[r.Shadow.MaxCSMResolution:2048]]
[2021.12.08-20.11.27:363][  0]LogConfig: Setting CVar [[r.Shadow.RadiusThreshold:0.01]]
[2021.12.08-20.11.27:363][  0]LogConfig: Setting CVar [[r.Shadow.DistanceScale:1.0]]
[2021.12.08-20.11.27:363][  0]LogConfig: Setting CVar [[r.Shadow.CSM.TransitionScale:1.0]]
[2021.12.08-20.11.27:363][  0]LogConfig: Setting CVar [[r.Shadow.PreShadowResolutionFactor:1.0]]
[2021.12.08-20.11.27:363][  0]LogConfig: Setting CVar [[r.DistanceFieldShadowing:1]]
[2021.12.08-20.11.27:363][  0]LogConfig: Setting CVar [[r.DistanceFieldAO:1]]
[2021.12.08-20.11.27:363][  0]LogConfig: Setting CVar [[r.AOQuality:2]]
[2021.12.08-20.11.27:363][  0]LogConfig: Setting CVar [[r.VolumetricFog:1]]
[2021.12.08-20.11.27:363][  0]LogConfig: Setting CVar [[r.VolumetricFog.GridPixelSize:8]]
[2021.12.08-20.11.27:363][  0]LogConfig: Setting CVar [[r.VolumetricFog.GridSizeZ:128]]
[2021.12.08-20.11.27:363][  0]LogConfig: Setting CVar [[r.VolumetricFog.HistoryMissSupersampleCount:4]]
[2021.12.08-20.11.27:363][  0]LogConfig: Setting CVar [[r.LightMaxDrawDistanceScale:1]]
[2021.12.08-20.11.27:363][  0]LogConfig: Setting CVar [[r.CapsuleShadows:1]]
[2021.12.08-20.11.27:363][  0]LogConfig: Applying CVar settings from Section [PostProcessQuality@3] File [C:/Git/labsSEV_Vaqueros/GameVaquero/Saved/Config/Windows/Scalability.ini]
[2021.12.08-20.11.27:363][  0]LogConfig: Setting CVar [[r.MotionBlurQuality:4]]
[2021.12.08-20.11.27:363][  0]LogConfig: Setting CVar [[r.AmbientOcclusionMipLevelFactor:0.4]]
[2021.12.08-20.11.27:363][  0]LogConfig: Setting CVar [[r.AmbientOcclusionMaxQuality:100]]
[2021.12.08-20.11.27:363][  0]LogConfig: Setting CVar [[r.AmbientOcclusionLevels:-1]]
[2021.12.08-20.11.27:363][  0]LogConfig: Setting CVar [[r.AmbientOcclusionRadiusScale:1.0]]
[2021.12.08-20.11.27:363][  0]LogConfig: Setting CVar [[r.DepthOfFieldQuality:2]]
[2021.12.08-20.11.27:363][  0]LogConfig: Setting CVar [[r.RenderTargetPoolMin:400]]
[2021.12.08-20.11.27:363][  0]LogConfig: Setting CVar [[r.LensFlareQuality:2]]
[2021.12.08-20.11.27:363][  0]LogConfig: Setting CVar [[r.SceneColorFringeQuality:1]]
[2021.12.08-20.11.27:363][  0]LogConfig: Setting CVar [[r.EyeAdaptationQuality:2]]
[2021.12.08-20.11.27:363][  0]LogConfig: Setting CVar [[r.BloomQuality:5]]
[2021.12.08-20.11.27:363][  0]LogConfig: Setting CVar [[r.FastBlurThreshold:100]]
[2021.12.08-20.11.27:364][  0]LogConfig: Setting CVar [[r.Upscale.Quality:3]]
[2021.12.08-20.11.27:364][  0]LogConfig: Setting CVar [[r.Tonemapper.GrainQuantization:1]]
[2021.12.08-20.11.27:364][  0]LogConfig: Setting CVar [[r.LightShaftQuality:1]]
[2021.12.08-20.11.27:364][  0]LogConfig: Setting CVar [[r.Filter.SizeScale:1]]
[2021.12.08-20.11.27:364][  0]LogConfig: Setting CVar [[r.Tonemapper.Quality:5]]
[2021.12.08-20.11.27:364][  0]LogConfig: Setting CVar [[r.DOF.Gather.AccumulatorQuality:1        ; higher gathering accumulator quality]]
[2021.12.08-20.11.27:364][  0]LogConfig: Setting CVar [[r.DOF.Gather.PostfilterMethod:1          ; Median3x3 postfilering method]]
[2021.12.08-20.11.27:364][  0]LogConfig: Setting CVar [[r.DOF.Gather.EnableBokehSettings:0       ; no bokeh simulation when gathering]]
[2021.12.08-20.11.27:364][  0]LogConfig: Setting CVar [[r.DOF.Gather.RingCount:4                 ; medium number of samples when gathering]]
[2021.12.08-20.11.27:364][  0]LogConfig: Setting CVar [[r.DOF.Scatter.ForegroundCompositing:1    ; additive foreground scattering]]
[2021.12.08-20.11.27:364][  0]LogConfig: Setting CVar [[r.DOF.Scatter.BackgroundCompositing:2    ; additive background scattering]]
[2021.12.08-20.11.27:364][  0]LogConfig: Setting CVar [[r.DOF.Scatter.EnableBokehSettings:1      ; bokeh simulation when scattering]]
[2021.12.08-20.11.27:364][  0]LogConfig: Setting CVar [[r.DOF.Scatter.MaxSpriteRatio:0.1         ; only a maximum of 10% of scattered bokeh]]
[2021.12.08-20.11.27:364][  0]LogConfig: Setting CVar [[r.DOF.Recombine.Quality:1                ; cheap slight out of focus]]
[2021.12.08-20.11.27:364][  0]LogConfig: Setting CVar [[r.DOF.Recombine.EnableBokehSettings:0    ; no bokeh simulation on slight out of focus]]
[2021.12.08-20.11.27:364][  0]LogConfig: Setting CVar [[r.DOF.TemporalAAQuality:1                ; more stable temporal accumulation]]
[2021.12.08-20.11.27:364][  0]LogConfig: Setting CVar [[r.DOF.Kernel.MaxForegroundRadius:0.025]]
[2021.12.08-20.11.27:364][  0]LogConfig: Setting CVar [[r.DOF.Kernel.MaxBackgroundRadius:0.025]]
[2021.12.08-20.11.27:364][  0]LogConfig: Applying CVar settings from Section [TextureQuality@3] File [C:/Git/labsSEV_Vaqueros/GameVaquero/Saved/Config/Windows/Scalability.ini]
[2021.12.08-20.11.27:364][  0]LogConfig: Setting CVar [[r.Streaming.MipBias:0]]
[2021.12.08-20.11.27:364][  0]LogConfig: Setting CVar [[r.Streaming.AmortizeCPUToGPUCopy:0]]
[2021.12.08-20.11.27:364][  0]LogConfig: Setting CVar [[r.Streaming.MaxNumTexturesToStreamPerFrame:0]]
[2021.12.08-20.11.27:364][  0]LogConfig: Setting CVar [[r.Streaming.Boost:1]]
[2021.12.08-20.11.27:364][  0]LogConfig: Setting CVar [[r.MaxAnisotropy:8]]
[2021.12.08-20.11.27:364][  0]LogConfig: Setting CVar [[r.VT.MaxAnisotropy:8]]
[2021.12.08-20.11.27:364][  0]LogConfig: Setting CVar [[r.Streaming.LimitPoolSizeToVRAM:0]]
[2021.12.08-20.11.27:364][  0]LogConfig: Setting CVar [[r.Streaming.PoolSize:1000]]
[2021.12.08-20.11.27:364][  0]LogConfig: Setting CVar [[r.Streaming.MaxEffectiveScreenSize:0]]
[2021.12.08-20.11.27:364][  0]LogConfig: Applying CVar settings from Section [EffectsQuality@3] File [C:/Git/labsSEV_Vaqueros/GameVaquero/Saved/Config/Windows/Scalability.ini]
[2021.12.08-20.11.27:364][  0]LogConfig: Setting CVar [[r.TranslucencyLightingVolumeDim:64]]
[2021.12.08-20.11.27:364][  0]LogConfig: Setting CVar [[r.RefractionQuality:2]]
[2021.12.08-20.11.27:364][  0]LogConfig: Setting CVar [[r.SSR.Quality:3]]
[2021.12.08-20.11.27:364][  0]LogConfig: Setting CVar [[r.SSR.HalfResSceneColor:0]]
[2021.12.08-20.11.27:364][  0]LogConfig: Setting CVar [[r.SceneColorFormat:4]]
[2021.12.08-20.11.27:364][  0]LogConfig: Setting CVar [[r.DetailMode:2]]
[2021.12.08-20.11.27:364][  0]LogConfig: Setting CVar [[r.TranslucencyVolumeBlur:1]]
[2021.12.08-20.11.27:364][  0]LogConfig: Setting CVar [[r.MaterialQualityLevel:1 ; High quality]]
[2021.12.08-20.11.27:364][  0]LogConfig: Setting CVar [[r.AnisotropicMaterials:1]]
[2021.12.08-20.11.27:364][  0]LogConfig: Setting CVar [[r.SSS.Scale:1]]
[2021.12.08-20.11.27:364][  0]LogConfig: Setting CVar [[r.SSS.SampleSet:2]]
[2021.12.08-20.11.27:364][  0]LogConfig: Setting CVar [[r.SSS.Quality:1]]
[2021.12.08-20.11.27:364][  0]LogConfig: Setting CVar [[r.SSS.HalfRes:0]]
[2021.12.08-20.11.27:364][  0]LogConfig: Setting CVar [[r.SSGI.Quality:3]]
[2021.12.08-20.11.27:364][  0]LogConfig: Setting CVar [[r.EmitterSpawnRateScale:1.0]]
[2021.12.08-20.11.27:364][  0]LogConfig: Setting CVar [[r.ParticleLightQuality:2]]
[2021.12.08-20.11.27:364][  0]LogConfig: Setting CVar [[r.SkyAtmosphere.AerialPerspectiveLUT.FastApplyOnOpaque:1 ; Always have FastSkyLUT 1 in this case to avoid wrong sky]]
[2021.12.08-20.11.27:364][  0]LogConfig: Setting CVar [[r.SkyAtmosphere.AerialPerspectiveLUT.SampleCountMaxPerSlice:4]]
[2021.12.08-20.11.27:364][  0]LogConfig: Setting CVar [[r.SkyAtmosphere.AerialPerspectiveLUT.DepthResolution:16.0]]
[2021.12.08-20.11.27:364][  0]LogConfig: Setting CVar [[r.SkyAtmosphere.FastSkyLUT:1]]
[2021.12.08-20.11.27:364][  0]LogConfig: Setting CVar [[r.SkyAtmosphere.FastSkyLUT.SampleCountMin:4.0]]
[2021.12.08-20.11.27:364][  0]LogConfig: Setting CVar [[r.SkyAtmosphere.FastSkyLUT.SampleCountMax:128.0]]
[2021.12.08-20.11.27:364][  0]LogConfig: Setting CVar [[r.SkyAtmosphere.SampleCountMin:4.0]]
[2021.12.08-20.11.27:364][  0]LogConfig: Setting CVar [[r.SkyAtmosphere.SampleCountMax:128.0]]
[2021.12.08-20.11.27:364][  0]LogConfig: Setting CVar [[r.SkyAtmosphere.TransmittanceLUT.UseSmallFormat:0]]
[2021.12.08-20.11.27:364][  0]LogConfig: Setting CVar [[r.SkyAtmosphere.TransmittanceLUT.SampleCount:10.0]]
[2021.12.08-20.11.27:364][  0]LogConfig: Setting CVar [[r.SkyAtmosphere.MultiScatteringLUT.SampleCount:15.0]]
[2021.12.08-20.11.27:364][  0]LogConfig: Setting CVar [[r.SkyLight.RealTimeReflectionCapture:1]]
[2021.12.08-20.11.27:364][  0]LogConfig: Applying CVar settings from Section [FoliageQuality@3] File [C:/Git/labsSEV_Vaqueros/GameVaquero/Saved/Config/Windows/Scalability.ini]
[2021.12.08-20.11.27:364][  0]LogConfig: Setting CVar [[foliage.DensityScale:1.0]]
[2021.12.08-20.11.27:364][  0]LogConfig: Setting CVar [[grass.DensityScale:1.0]]
[2021.12.08-20.11.27:364][  0]LogConfig: Applying CVar settings from Section [ShadingQuality@3] File [C:/Git/labsSEV_Vaqueros/GameVaquero/Saved/Config/Windows/Scalability.ini]
[2021.12.08-20.11.27:364][  0]LogConfig: Setting CVar [[r.HairStrands.SkyLighting.IntegrationType:2]]
[2021.12.08-20.11.27:364][  0]LogConfig: Setting CVar [[r.HairStrands.SkyAO.SampleCount:4]]
[2021.12.08-20.11.27:364][  0]LogConfig: Setting CVar [[r.HairStrands.Visibility.MSAA.SamplePerPixel:4]]
[2021.12.08-20.11.27:364][  0]LogInit: Selected Device Profile: [Windows]
[2021.12.08-20.11.27:364][  0]LogInit: Applying CVar settings loaded from the selected device profile: [Windows]
[2021.12.08-20.11.27:364][  0]LogHAL: Display: Platform has ~ 16 GB [17124339712 / 17179869184 / 16], which maps to Larger [LargestMinGB=32, LargerMinGB=12, DefaultMinGB=8, SmallerMinGB=6, SmallestMinGB=0)
[2021.12.08-20.11.27:364][  0]LogInit: Going up to parent DeviceProfile []
[2021.12.08-20.11.27:364][  0]LogConfig: Applying CVar settings from Section [ViewDistanceQuality@3] File [C:/Git/labsSEV_Vaqueros/GameVaquero/Saved/Config/Windows/Scalability.ini]
[2021.12.08-20.11.27:364][  0]LogConfig: Setting CVar [[r.SkeletalMeshLODBias:0]]
[2021.12.08-20.11.27:364][  0]LogConfig: Setting CVar [[r.ViewDistanceScale:1.0]]
[2021.12.08-20.11.27:364][  0]LogConfig: Applying CVar settings from Section [AntiAliasingQuality@3] File [C:/Git/labsSEV_Vaqueros/GameVaquero/Saved/Config/Windows/Scalability.ini]
[2021.12.08-20.11.27:364][  0]LogConfig: Setting CVar [[r.PostProcessAAQuality:4]]
[2021.12.08-20.11.27:364][  0]LogConfig: Applying CVar settings from Section [ShadowQuality@3] File [C:/Git/labsSEV_Vaqueros/GameVaquero/Saved/Config/Windows/Scalability.ini]
[2021.12.08-20.11.27:365][  0]LogConfig: Setting CVar [[r.LightFunctionQuality:1]]
[2021.12.08-20.11.27:365][  0]LogConfig: Setting CVar [[r.ShadowQuality:5]]
[2021.12.08-20.11.27:365][  0]LogConfig: Setting CVar [[r.Shadow.CSM.MaxCascades:10]]
[2021.12.08-20.11.27:365][  0]LogConfig: Setting CVar [[r.Shadow.MaxResolution:2048]]
[2021.12.08-20.11.27:365][  0]LogConfig: Setting CVar [[r.Shadow.MaxCSMResolution:2048]]
[2021.12.08-20.11.27:365][  0]LogConfig: Setting CVar [[r.Shadow.RadiusThreshold:0.01]]
[2021.12.08-20.11.27:365][  0]LogConfig: Setting CVar [[r.Shadow.DistanceScale:1.0]]
[2021.12.08-20.11.27:365][  0]LogConfig: Setting CVar [[r.Shadow.CSM.TransitionScale:1.0]]
[2021.12.08-20.11.27:365][  0]LogConfig: Setting CVar [[r.Shadow.PreShadowResolutionFactor:1.0]]
[2021.12.08-20.11.27:365][  0]LogConfig: Setting CVar [[r.DistanceFieldShadowing:1]]
[2021.12.08-20.11.27:365][  0]LogConfig: Setting CVar [[r.DistanceFieldAO:1]]
[2021.12.08-20.11.27:365][  0]LogConfig: Setting CVar [[r.AOQuality:2]]
[2021.12.08-20.11.27:365][  0]LogConfig: Setting CVar [[r.VolumetricFog:1]]
[2021.12.08-20.11.27:365][  0]LogConfig: Setting CVar [[r.VolumetricFog.GridPixelSize:8]]
[2021.12.08-20.11.27:365][  0]LogConfig: Setting CVar [[r.VolumetricFog.GridSizeZ:128]]
[2021.12.08-20.11.27:365][  0]LogConfig: Setting CVar [[r.VolumetricFog.HistoryMissSupersampleCount:4]]
[2021.12.08-20.11.27:365][  0]LogConfig: Setting CVar [[r.LightMaxDrawDistanceScale:1]]
[2021.12.08-20.11.27:365][  0]LogConfig: Setting CVar [[r.CapsuleShadows:1]]
[2021.12.08-20.11.27:365][  0]LogConfig: Applying CVar settings from Section [PostProcessQuality@3] File [C:/Git/labsSEV_Vaqueros/GameVaquero/Saved/Config/Windows/Scalability.ini]
[2021.12.08-20.11.27:365][  0]LogConfig: Setting CVar [[r.MotionBlurQuality:4]]
[2021.12.08-20.11.27:365][  0]LogConfig: Setting CVar [[r.AmbientOcclusionMipLevelFactor:0.4]]
[2021.12.08-20.11.27:365][  0]LogConfig: Setting CVar [[r.AmbientOcclusionMaxQuality:100]]
[2021.12.08-20.11.27:365][  0]LogConfig: Setting CVar [[r.AmbientOcclusionLevels:-1]]
[2021.12.08-20.11.27:365][  0]LogConfig: Setting CVar [[r.AmbientOcclusionRadiusScale:1.0]]
[2021.12.08-20.11.27:365][  0]LogConfig: Setting CVar [[r.DepthOfFieldQuality:2]]
[2021.12.08-20.11.27:365][  0]LogConfig: Setting CVar [[r.RenderTargetPoolMin:400]]
[2021.12.08-20.11.27:365][  0]LogConfig: Setting CVar [[r.LensFlareQuality:2]]
[2021.12.08-20.11.27:365][  0]LogConfig: Setting CVar [[r.SceneColorFringeQuality:1]]
[2021.12.08-20.11.27:365][  0]LogConfig: Setting CVar [[r.EyeAdaptationQuality:2]]
[2021.12.08-20.11.27:365][  0]LogConfig: Setting CVar [[r.BloomQuality:5]]
[2021.12.08-20.11.27:365][  0]LogConfig: Setting CVar [[r.FastBlurThreshold:100]]
[2021.12.08-20.11.27:365][  0]LogConfig: Setting CVar [[r.Upscale.Quality:3]]
[2021.12.08-20.11.27:365][  0]LogConfig: Setting CVar [[r.Tonemapper.GrainQuantization:1]]
[2021.12.08-20.11.27:365][  0]LogConfig: Setting CVar [[r.LightShaftQuality:1]]
[2021.12.08-20.11.27:365][  0]LogConfig: Setting CVar [[r.Filter.SizeScale:1]]
[2021.12.08-20.11.27:365][  0]LogConfig: Setting CVar [[r.Tonemapper.Quality:5]]
[2021.12.08-20.11.27:365][  0]LogConfig: Setting CVar [[r.DOF.Gather.AccumulatorQuality:1        ; higher gathering accumulator quality]]
[2021.12.08-20.11.27:365][  0]LogConfig: Setting CVar [[r.DOF.Gather.PostfilterMethod:1          ; Median3x3 postfilering method]]
[2021.12.08-20.11.27:365][  0]LogConfig: Setting CVar [[r.DOF.Gather.EnableBokehSettings:0       ; no bokeh simulation when gathering]]
[2021.12.08-20.11.27:365][  0]LogConfig: Setting CVar [[r.DOF.Gather.RingCount:4                 ; medium number of samples when gathering]]
[2021.12.08-20.11.27:365][  0]LogConfig: Setting CVar [[r.DOF.Scatter.ForegroundCompositing:1    ; additive foreground scattering]]
[2021.12.08-20.11.27:365][  0]LogConfig: Setting CVar [[r.DOF.Scatter.BackgroundCompositing:2    ; additive background scattering]]
[2021.12.08-20.11.27:365][  0]LogConfig: Setting CVar [[r.DOF.Scatter.EnableBokehSettings:1      ; bokeh simulation when scattering]]
[2021.12.08-20.11.27:365][  0]LogConfig: Setting CVar [[r.DOF.Scatter.MaxSpriteRatio:0.1         ; only a maximum of 10% of scattered bokeh]]
[2021.12.08-20.11.27:365][  0]LogConfig: Setting CVar [[r.DOF.Recombine.Quality:1                ; cheap slight out of focus]]
[2021.12.08-20.11.27:365][  0]LogConfig: Setting CVar [[r.DOF.Recombine.EnableBokehSettings:0    ; no bokeh simulation on slight out of focus]]
[2021.12.08-20.11.27:365][  0]LogConfig: Setting CVar [[r.DOF.TemporalAAQuality:1                ; more stable temporal accumulation]]
[2021.12.08-20.11.27:365][  0]LogConfig: Setting CVar [[r.DOF.Kernel.MaxForegroundRadius:0.025]]
[2021.12.08-20.11.27:365][  0]LogConfig: Setting CVar [[r.DOF.Kernel.MaxBackgroundRadius:0.025]]
[2021.12.08-20.11.27:365][  0]LogConfig: Applying CVar settings from Section [TextureQuality@3] File [C:/Git/labsSEV_Vaqueros/GameVaquero/Saved/Config/Windows/Scalability.ini]
[2021.12.08-20.11.27:365][  0]LogConfig: Setting CVar [[r.Streaming.MipBias:0]]
[2021.12.08-20.11.27:365][  0]LogConfig: Setting CVar [[r.Streaming.AmortizeCPUToGPUCopy:0]]
[2021.12.08-20.11.27:365][  0]LogConfig: Setting CVar [[r.Streaming.MaxNumTexturesToStreamPerFrame:0]]
[2021.12.08-20.11.27:365][  0]LogConfig: Setting CVar [[r.Streaming.Boost:1]]
[2021.12.08-20.11.27:365][  0]LogConfig: Setting CVar [[r.MaxAnisotropy:8]]
[2021.12.08-20.11.27:365][  0]LogConfig: Setting CVar [[r.VT.MaxAnisotropy:8]]
[2021.12.08-20.11.27:365][  0]LogConfig: Setting CVar [[r.Streaming.LimitPoolSizeToVRAM:0]]
[2021.12.08-20.11.27:365][  0]LogConfig: Setting CVar [[r.Streaming.PoolSize:1000]]
[2021.12.08-20.11.27:365][  0]LogConfig: Setting CVar [[r.Streaming.MaxEffectiveScreenSize:0]]
[2021.12.08-20.11.27:365][  0]LogConfig: Applying CVar settings from Section [EffectsQuality@3] File [C:/Git/labsSEV_Vaqueros/GameVaquero/Saved/Config/Windows/Scalability.ini]
[2021.12.08-20.11.27:365][  0]LogConfig: Setting CVar [[r.TranslucencyLightingVolumeDim:64]]
[2021.12.08-20.11.27:365][  0]LogConfig: Setting CVar [[r.RefractionQuality:2]]
[2021.12.08-20.11.27:365][  0]LogConfig: Setting CVar [[r.SSR.Quality:3]]
[2021.12.08-20.11.27:365][  0]LogConfig: Setting CVar [[r.SSR.HalfResSceneColor:0]]
[2021.12.08-20.11.27:365][  0]LogConfig: Setting CVar [[r.SceneColorFormat:4]]
[2021.12.08-20.11.27:365][  0]LogConfig: Setting CVar [[r.DetailMode:2]]
[2021.12.08-20.11.27:365][  0]LogConfig: Setting CVar [[r.TranslucencyVolumeBlur:1]]
[2021.12.08-20.11.27:365][  0]LogConfig: Setting CVar [[r.MaterialQualityLevel:1 ; High quality]]
[2021.12.08-20.11.27:365][  0]LogConfig: Setting CVar [[r.AnisotropicMaterials:1]]
[2021.12.08-20.11.27:365][  0]LogConfig: Setting CVar [[r.SSS.Scale:1]]
[2021.12.08-20.11.27:365][  0]LogConfig: Setting CVar [[r.SSS.SampleSet:2]]
[2021.12.08-20.11.27:365][  0]LogConfig: Setting CVar [[r.SSS.Quality:1]]
[2021.12.08-20.11.27:365][  0]LogConfig: Setting CVar [[r.SSS.HalfRes:0]]
[2021.12.08-20.11.27:365][  0]LogConfig: Setting CVar [[r.SSGI.Quality:3]]
[2021.12.08-20.11.27:365][  0]LogConfig: Setting CVar [[r.EmitterSpawnRateScale:1.0]]
[2021.12.08-20.11.27:365][  0]LogConfig: Setting CVar [[r.ParticleLightQuality:2]]
[2021.12.08-20.11.27:365][  0]LogConfig: Setting CVar [[r.SkyAtmosphere.AerialPerspectiveLUT.FastApplyOnOpaque:1 ; Always have FastSkyLUT 1 in this case to avoid wrong sky]]
[2021.12.08-20.11.27:365][  0]LogConfig: Setting CVar [[r.SkyAtmosphere.AerialPerspectiveLUT.SampleCountMaxPerSlice:4]]
[2021.12.08-20.11.27:365][  0]LogConfig: Setting CVar [[r.SkyAtmosphere.AerialPerspectiveLUT.DepthResolution:16.0]]
[2021.12.08-20.11.27:365][  0]LogConfig: Setting CVar [[r.SkyAtmosphere.FastSkyLUT:1]]
[2021.12.08-20.11.27:365][  0]LogConfig: Setting CVar [[r.SkyAtmosphere.FastSkyLUT.SampleCountMin:4.0]]
[2021.12.08-20.11.27:365][  0]LogConfig: Setting CVar [[r.SkyAtmosphere.FastSkyLUT.SampleCountMax:128.0]]
[2021.12.08-20.11.27:365][  0]LogConfig: Setting CVar [[r.SkyAtmosphere.SampleCountMin:4.0]]
[2021.12.08-20.11.27:365][  0]LogConfig: Setting CVar [[r.SkyAtmosphere.SampleCountMax:128.0]]
[2021.12.08-20.11.27:365][  0]LogConfig: Setting CVar [[r.SkyAtmosphere.TransmittanceLUT.UseSmallFormat:0]]
[2021.12.08-20.11.27:365][  0]LogConfig: Setting CVar [[r.SkyAtmosphere.TransmittanceLUT.SampleCount:10.0]]
[2021.12.08-20.11.27:366][  0]LogConfig: Setting CVar [[r.SkyAtmosphere.MultiScatteringLUT.SampleCount:15.0]]
[2021.12.08-20.11.27:366][  0]LogConfig: Setting CVar [[r.SkyLight.RealTimeReflectionCapture:1]]
[2021.12.08-20.11.27:366][  0]LogConfig: Applying CVar settings from Section [FoliageQuality@3] File [C:/Git/labsSEV_Vaqueros/GameVaquero/Saved/Config/Windows/Scalability.ini]
[2021.12.08-20.11.27:366][  0]LogConfig: Setting CVar [[foliage.DensityScale:1.0]]
[2021.12.08-20.11.27:366][  0]LogConfig: Setting CVar [[grass.DensityScale:1.0]]
[2021.12.08-20.11.27:366][  0]LogConfig: Applying CVar settings from Section [ShadingQuality@3] File [C:/Git/labsSEV_Vaqueros/GameVaquero/Saved/Config/Windows/Scalability.ini]
[2021.12.08-20.11.27:366][  0]LogConfig: Setting CVar [[r.HairStrands.SkyLighting.IntegrationType:2]]
[2021.12.08-20.11.27:366][  0]LogConfig: Setting CVar [[r.HairStrands.SkyAO.SampleCount:4]]
[2021.12.08-20.11.27:366][  0]LogConfig: Setting CVar [[r.HairStrands.Visibility.MSAA.SamplePerPixel:4]]
[2021.12.08-20.11.27:366][  0]LogConfig: Applying CVar settings from Section [Startup] File [../../../Engine/Config/ConsoleVariables.ini]
[2021.12.08-20.11.27:367][  0]LogConfig: Setting CVar [[net.UseAdaptiveNetUpdateFrequency:0]]
[2021.12.08-20.11.27:367][  0]LogConfig: Setting CVar [[p.chaos.AllowCreatePhysxBodies:1]]
[2021.12.08-20.11.27:367][  0]LogConfig: Setting CVar [[fx.SkipVectorVMBackendOptimizations:1]]
[2021.12.08-20.11.27:367][  0]LogConfig: Applying CVar settings from Section [ConsoleVariables] File [C:/Git/labsSEV_Vaqueros/GameVaquero/Saved/Config/Windows/Engine.ini]
[2021.12.08-20.11.27:367][  0]LogConfig: Applying CVar settings from Section [ConsoleVariables] File [C:/Git/labsSEV_Vaqueros/GameVaquero/Saved/Config/Windows/Editor.ini]
[2021.12.08-20.11.27:367][  0]LogInit: Computer: DESKTOP-QDB4N37
[2021.12.08-20.11.27:367][  0]LogInit: User: MOISES
[2021.12.08-20.11.27:367][  0]LogInit: CPU Page size=4096, Cores=6
[2021.12.08-20.11.27:367][  0]LogInit: High frequency timer resolution =10.000000 MHz
[2021.12.08-20.11.27:367][  0]LogMemory: Memory total: Physical=15.9GB (16GB approx)
[2021.12.08-20.11.27:367][  0]LogMemory: Platform Memory Stats for Windows
[2021.12.08-20.11.27:367][  0]LogMemory: Process Physical Memory: 142.88 MB used, 142.88 MB peak
[2021.12.08-20.11.27:367][  0]LogMemory: Process Virtual Memory: 129.87 MB used, 129.87 MB peak
[2021.12.08-20.11.27:367][  0]LogMemory: Physical Memory: 5649.16 MB used,  10681.88 MB free, 16331.04 MB total
[2021.12.08-20.11.27:367][  0]LogMemory: Virtual Memory: 134205672.00 MB used,  12059.23 MB free, 134217728.00 MB total
[2021.12.08-20.11.27:372][  0]LogWindows: WindowsPlatformFeatures enabled
[2021.12.08-20.11.27:432][  0]LogInit: Physics initialised using underlying interface: PhysX
[2021.12.08-20.11.27:433][  0]LogInit: Overriding language with editor language configuration option (en).
[2021.12.08-20.11.27:433][  0]LogInit: Overriding language with editor locale configuration option (en).
[2021.12.08-20.11.27:652][  0]LogInit: Setting process to per monitor DPI aware
[2021.12.08-20.11.27:667][  0]LogWindowsTextInputMethodSystem: Display: IME system deactivated.
[2021.12.08-20.11.27:682][  0]LogSlate: New Slate User Created.  User Index 0, Is Virtual User: 0
[2021.12.08-20.11.27:682][  0]LogSlate: Slate User Registered.  User Index 0, Is Virtual User: 0
[2021.12.08-20.11.27:849][  0]LogD3D11RHI: Loaded GFSDK_Aftermath_Lib.x64.dll
[2021.12.08-20.11.27:852][  0]LogHMD: Failed to initialize OpenVR with code 110
[2021.12.08-20.11.27:852][  0]LogD3D11RHI: D3D11 min allowed feature level: 11_0
[2021.12.08-20.11.27:852][  0]LogD3D11RHI: D3D11 max allowed feature level: 11_0
[2021.12.08-20.11.27:852][  0]LogD3D11RHI: D3D11 adapters:
[2021.12.08-20.11.27:965][  0]LogD3D11RHI:    0. 'NVIDIA GeForce RTX 2060' (Feature Level 11_0)
[2021.12.08-20.11.27:965][  0]LogD3D11RHI:       5980/0/8165 MB DedicatedVideo/DedicatedSystem/SharedSystem, Outputs:1, VendorId:0x10de
[2021.12.08-20.11.27:967][  0]LogD3D11RHI:    1. 'Microsoft Basic Render Driver' (Feature Level 11_0)
[2021.12.08-20.11.27:967][  0]LogD3D11RHI:       0/0/8165 MB DedicatedVideo/DedicatedSystem/SharedSystem, Outputs:0, VendorId:0x1414
[2021.12.08-20.11.27:967][  0]LogD3D11RHI: Chosen D3D11 Adapter:
[2021.12.08-20.11.27:967][  0]LogD3D11RHI:     Description : NVIDIA GeForce RTX 2060
[2021.12.08-20.11.27:967][  0]LogD3D11RHI:     VendorId    : 10de
[2021.12.08-20.11.27:967][  0]LogD3D11RHI:     DeviceId    : 1f08
[2021.12.08-20.11.27:967][  0]LogD3D11RHI:     SubSysId    : 37d11458
[2021.12.08-20.11.27:967][  0]LogD3D11RHI:     Revision    : 00a1
[2021.12.08-20.11.27:967][  0]LogD3D11RHI:     DedicatedVideoMemory : 6270484480 bytes
[2021.12.08-20.11.27:967][  0]LogD3D11RHI:     DedicatedSystemMemory : 0 bytes
[2021.12.08-20.11.27:967][  0]LogD3D11RHI:     SharedSystemMemory : 8562169856 bytes
[2021.12.08-20.11.27:967][  0]LogD3D11RHI:     AdapterLuid : 0 58073
[2021.12.08-20.11.27:974][  0]LogD3D11RHI: Creating new Direct3DDevice
[2021.12.08-20.11.27:974][  0]LogD3D11RHI:     GPU DeviceId: 0x1f08 (for the marketing name, search the web for "GPU Device Id")
[2021.12.08-20.11.27:974][  0]LogWindows: EnumDisplayDevices:
[2021.12.08-20.11.27:974][  0]LogWindows:    0. 'NVIDIA GeForce RTX 2060' (P:1 D:1)
[2021.12.08-20.11.27:974][  0]LogWindows:    1. 'NVIDIA GeForce RTX 2060' (P:0 D:0)
[2021.12.08-20.11.27:975][  0]LogWindows:    2. 'NVIDIA GeForce RTX 2060' (P:0 D:0)
[2021.12.08-20.11.27:975][  0]LogWindows:    3. 'NVIDIA GeForce RTX 2060' (P:0 D:0)
[2021.12.08-20.11.27:975][  0]LogWindows: DebugString: FoundDriverCount:4 
[2021.12.08-20.11.27:975][  0]LogD3D11RHI:     Adapter Name: NVIDIA GeForce RTX 2060
[2021.12.08-20.11.27:975][  0]LogD3D11RHI:   Driver Version: 496.49 (internal:30.0.14.9649, unified:496.49)
[2021.12.08-20.11.27:975][  0]LogD3D11RHI:      Driver Date: 10-20-2021
[2021.12.08-20.11.27:975][  0]LogRHI: Texture pool is 4186 MB (70% of 5980 MB)
[2021.12.08-20.11.27:975][  0]LogD3D11RHI: Creating D3DDevice using adapter:
[2021.12.08-20.11.27:975][  0]LogD3D11RHI:     Description : NVIDIA GeForce RTX 2060
[2021.12.08-20.11.27:975][  0]LogD3D11RHI:     VendorId    : 10de
[2021.12.08-20.11.27:975][  0]LogD3D11RHI:     DeviceId    : 1f08
[2021.12.08-20.11.27:975][  0]LogD3D11RHI:     SubSysId    : 37d11458
[2021.12.08-20.11.27:975][  0]LogD3D11RHI:     Revision    : 00a1
[2021.12.08-20.11.27:975][  0]LogD3D11RHI:     DedicatedVideoMemory : 6270484480 bytes
[2021.12.08-20.11.27:975][  0]LogD3D11RHI:     DedicatedSystemMemory : 0 bytes
[2021.12.08-20.11.27:975][  0]LogD3D11RHI:     SharedSystemMemory : 8562169856 bytes
[2021.12.08-20.11.27:975][  0]LogD3D11RHI:     AdapterLuid : 0 58073
[2021.12.08-20.11.28:035][  0]LogD3D11RHI: RHI has support for 64 bit atomics
[2021.12.08-20.11.28:035][  0]LogD3D11RHI: Async texture creation enabled
[2021.12.08-20.11.28:035][  0]LogD3D11RHI: Array index from any shader is supported
[2021.12.08-20.11.28:059][  0]LogD3D11RHI: GPU Timing Frequency: 1000.000000 (Debug: 2 1)
[2021.12.08-20.11.28:089][  0]LogRHI: GeForceNow SDK initialized: 1
[2021.12.08-20.11.28:389][  0]LogTargetPlatformManager: Display: Loaded TargetPlatform 'AllDesktop'
[2021.12.08-20.11.28:414][  0]LogTargetPlatformManager: Display: Loaded TargetPlatform 'Android'
[2021.12.08-20.11.28:414][  0]LogTargetPlatformManager: Display: Loaded TargetPlatform 'Android_ASTC'
[2021.12.08-20.11.28:414][  0]LogTargetPlatformManager: Display: Loaded TargetPlatform 'Android_DXT'
[2021.12.08-20.11.28:414][  0]LogTargetPlatformManager: Display: Loaded TargetPlatform 'Android_ETC2'
[2021.12.08-20.11.28:414][  0]LogTargetPlatformManager: Display: Loaded TargetPlatform 'AndroidClient'
[2021.12.08-20.11.28:414][  0]LogTargetPlatformManager: Display: Loaded TargetPlatform 'Android_ASTCClient'
[2021.12.08-20.11.28:414][  0]LogTargetPlatformManager: Display: Loaded TargetPlatform 'Android_DXTClient'
[2021.12.08-20.11.28:414][  0]LogTargetPlatformManager: Display: Loaded TargetPlatform 'Android_ETC2Client'
[2021.12.08-20.11.28:414][  0]LogTargetPlatformManager: Display: Loaded TargetPlatform 'Android_Multi'
[2021.12.08-20.11.28:414][  0]LogTargetPlatformManager: Display: Loaded TargetPlatform 'Android_MultiClient'
[2021.12.08-20.11.28:435][  0]LogTargetPlatformManager: Display: Loaded TargetPlatform 'IOSClient'
[2021.12.08-20.11.28:435][  0]LogTargetPlatformManager: Display: Loaded TargetPlatform 'IOS'
[2021.12.08-20.11.28:446][  0]LogTargetPlatformManager: Display: Loaded TargetPlatform 'Linux'
[2021.12.08-20.11.28:451][  0]LogTargetPlatformManager: Display: Loaded TargetPlatform 'LinuxNoEditor'
[2021.12.08-20.11.28:455][  0]LogTargetPlatformManager: Display: Loaded TargetPlatform 'LinuxClient'
[2021.12.08-20.11.28:460][  0]LogTargetPlatformManager: Display: Loaded TargetPlatform 'LinuxServer'
[2021.12.08-20.11.28:472][  0]LogTargetPlatformManager: Display: Loaded TargetPlatform 'LinuxAArch64NoEditor'
[2021.12.08-20.11.28:477][  0]LogTargetPlatformManager: Display: Loaded TargetPlatform 'LinuxAArch64Client'
[2021.12.08-20.11.28:483][  0]LogTargetPlatformManager: Display: Loaded TargetPlatform 'LinuxAArch64Server'
[2021.12.08-20.11.28:513][  0]LogTargetPlatformManager: Display: Loaded TargetPlatform 'Lumin'
[2021.12.08-20.11.28:513][  0]LogTargetPlatformManager: Display: Loaded TargetPlatform 'LuminClient'
[2021.12.08-20.11.28:523][  0]LogTargetPlatformManager: Display: Loaded TargetPlatform 'MacNoEditor'
[2021.12.08-20.11.28:529][  0]LogTargetPlatformManager: Display: Loaded TargetPlatform 'Mac'
[2021.12.08-20.11.28:534][  0]LogTargetPlatformManager: Display: Loaded TargetPlatform 'MacClient'
[2021.12.08-20.11.28:539][  0]LogTargetPlatformManager: Display: Loaded TargetPlatform 'MacServer'
[2021.12.08-20.11.28:550][  0]LogTargetPlatformManager: Display: Loaded TargetPlatform 'TVOSClient'
[2021.12.08-20.11.28:550][  0]LogTargetPlatformManager: Display: Loaded TargetPlatform 'TVOS'
[2021.12.08-20.11.28:561][  0]LogTargetPlatformManager: Display: Loaded TargetPlatform 'WindowsNoEditor'
[2021.12.08-20.11.28:566][  0]LogTargetPlatformManager: Display: Loaded TargetPlatform 'Windows'
[2021.12.08-20.11.28:571][  0]LogTargetPlatformManager: Display: Loaded TargetPlatform 'WindowsClient'
[2021.12.08-20.11.28:575][  0]LogTargetPlatformManager: Display: Loaded TargetPlatform 'WindowsServer'
[2021.12.08-20.11.28:575][  0]LogTargetPlatformManager: Display: Building Assets For Windows
[2021.12.08-20.11.28:584][  0]LogAudioDebug: Display: Lib vorbis DLL was dynamically loaded.
[2021.12.08-20.11.28:620][  0]LogTextureFormatOodle: Display: Oodle Texture 2.9.0 init RDO Off
[2021.12.08-20.11.28:816][  0]LogRendererCore: Ray tracing is disabled. Reason: r.RayTracing=0.
[2021.12.08-20.11.28:816][  0]LogShaderCompilers: Guid format shader working directory is -4 characters bigger than the processId version (../../../../../../Git/labsSEV_Vaqueros/GameVaquero/Intermediate/Shaders/WorkingDirectory/15256/).
[2021.12.08-20.11.28:816][  0]LogShaderCompilers: Cleaned the shader compiler working directory 'C:/Users/MOISES/AppData/Local/Temp/UnrealShaderWorkingDir/DAC5614F47BE17243F9A27A483E36AB5/'.
[2021.12.08-20.11.28:816][  0]LogXGEController: Cannot use XGE Controller as Incredibuild is not installed on this machine.
[2021.12.08-20.11.28:817][  0]LogShaderCompilers: Cannot use XGE Shader Compiler as Incredibuild is not installed on this machine.
[2021.12.08-20.11.28:817][  0]LogShaderCompilers: Display: Using Local Shader Compiler.
[2021.12.08-20.11.29:617][  0]LogDerivedDataCache: Display: Max Cache Size: 512 MB
[2021.12.08-20.11.29:672][  0]LogDerivedDataCache: Loaded boot cache 0.06s 94MB C:/Users/MOISES/AppData/Local/UnrealEngine/4.27/DerivedDataCache/Boot.ddc.
[2021.12.08-20.11.29:673][  0]LogDerivedDataCache: Display: Loaded Boot cache: C:/Users/MOISES/AppData/Local/UnrealEngine/4.27/DerivedDataCache/Boot.ddc
[2021.12.08-20.11.29:673][  0]LogDerivedDataCache: FDerivedDataBackendGraph:  Pak pak cache file ../../../../../../Git/labsSEV_Vaqueros/GameVaquero/DerivedDataCache/DDC.ddp not found, will not use a pak cache.
[2021.12.08-20.11.29:673][  0]LogDerivedDataCache: Unable to find inner node Pak for hierarchical cache Hierarchy.
[2021.12.08-20.11.29:673][  0]LogDerivedDataCache: FDerivedDataBackendGraph:  CompressedPak pak cache file ../../../../../../Git/labsSEV_Vaqueros/GameVaquero/DerivedDataCache/Compressed.ddp not found, will not use a pak cache.
[2021.12.08-20.11.29:673][  0]LogDerivedDataCache: Unable to find inner node CompressedPak for hierarchical cache Hierarchy.
[2021.12.08-20.11.29:691][  0]LogDerivedDataCache: Display: Pak cache opened for reading ../../../Engine/DerivedDataCache/Compressed.ddp.
[2021.12.08-20.11.29:691][  0]LogDerivedDataCache: FDerivedDataBackendGraph:  EnterprisePak pak cache file ../../../Enterprise/DerivedDataCache/Compressed.ddp not found, will not use a pak cache.
[2021.12.08-20.11.29:691][  0]LogDerivedDataCache: Unable to find inner node EnterprisePak for hierarchical cache Hierarchy.
[2021.12.08-20.11.29:909][  0]LogDerivedDataCache: Speed tests for C:/Users/MOISES/AppData/Local/UnrealEngine/Common/DerivedDataCache took 0.22 seconds
[2021.12.08-20.11.29:909][  0]LogDerivedDataCache: Display: Performance to C:/Users/MOISES/AppData/Local/UnrealEngine/Common/DerivedDataCache: Latency=0.04ms. RandomReadSpeed=307.28MBs, RandomWriteSpeed=4.36MBs. Assigned SpeedClass 'Local'
[2021.12.08-20.11.29:910][  0]LogDerivedDataCache: Using Local data cache path C:/Users/MOISES/AppData/Local/UnrealEngine/Common/DerivedDataCache: Writable
[2021.12.08-20.11.29:910][  0]LogDerivedDataCache: Shared data cache path not found in *engine.ini, will not use an Shared cache.
[2021.12.08-20.11.29:910][  0]LogDerivedDataCache: Unable to find inner node Shared for hierarchical cache Hierarchy.
[2021.12.08-20.11.29:960][  0]LogSlate: Using FreeType 2.10.0
[2021.12.08-20.11.31:914][  0]LogSlate: SlateFontServices - WITH_FREETYPE: 1, WITH_HARFBUZZ: 1
[2021.12.08-20.11.31:941][  0]LogAssetRegistry: FAssetRegistry took 0.0029 seconds to start up
[2021.12.08-20.11.32:194][  0]LogInit: Selected Device Profile: [Windows]
[2021.12.08-20.11.32:194][  0]LogInit: Active device profile: [0000012DFD227E00][0000012DF3FD4640 49] Windows
[2021.12.08-20.11.32:194][  0]LogInit: Profiles: [0000012DFD227E00][0000012DF3FD4640 49] Windows, [0000012DFD1E0300][0000012DF9A3A780 49] WindowsNoEditor, [0000012DFD224300][0000012DF9A3E8C0 49] WindowsServer, [0000012DFD1E1C00][0000012DF3878A40 49] WindowsClient, [0000012DFD225A00][0000012DF387CBC0 49] IOS, [0000012DFD1E0E00][0000012DF3880D40 49] iPadAir, [0000012DFD224D00][0000012DF3884EC0 49] iPadAir2, [0000012DFD19C400][0000012DF388D180 49] IPadPro, [0000012DFD19C500][0000012DF38891C0 49] iPadAir3, [0000012DFD224500][0000012DF3891340 49] iPadAir4, [0000012DFD19FA00][0000012DF38954C0 49] iPadMini2, [0000012DFD224700][0000012DF3899640 49] iPadMini3, [0000012DFD19D400][0000012DF389D7C0 49] iPadMini4, [0000012DFD227A00][0000012DF38A1940 49] iPadMini5, [0000012DFD193C00][0000012DF38A9C00 49] iPhone6, [0000012DFD193D00][0000012DF38A40C0 49] iPodTouch6, [0000012DFD19F300][0000012DF38B0380 49] iPhone7, [0000012DFD19F200][0000012DF38AC3C0 49] iPodTouch7, [0000012DFD190800][0000012DF38B4540 49] iPhone5S, [0000012DFD19E000][0000012DFD1006C0 49] iPhone6Plus, [0000012DFD193000][0000012DF9A42800 49] iPhone6S, [0000012DFD19C300][0000012DFD104940 49] iPhone6SPlus, [0000012DFD191100][0000012DFD108A80 49] iPhone7Plus, [0000012DFD19D600][0000012DFD10CBC0 49] iPhoneSE, [0000012DFD192700][0000012DFD114D40 49] iPhone8, [0000012DFD19DC00][0000012DFD118EC0 49] iPhone8Plus, [0000012DFD193E00][0000012DFD11D040 49] iPhoneX, [0000012DFD19C200][0000012DFD1211C0 49] iPhoneXS, [0000012DFD190900][0000012DFD125340 49] iPhoneXSMax, [0000012DFD19E100][0000012DFD1294C0 49] iPhoneXR, [0000012DFD192E00][0000012DFD12D640 49] iPhone11, [0000012DFD19D800][0000012DFD1317C0 49] iPhone11Pro, [0000012DFD191300][0000012DFD135940 49] iPhone11ProMax, [0000012DFD19FE00][0000012DFD139AC0 49] iPhoneSE2, [0000012DFD193F00][0000012DFD13C0C0 49] iPhone12Mini, [0000012DFD19F900][0000012DFD140240 49] iPhone12, [0000012DFD192000][0000012DFD1443C0 49] iPhone12Pro, [0000012DFD19F800][0000012DFD148540 49] iPhone12ProMax, [0000012DFD191900][0000012DFD14C6C0 49] iPadPro105, [0000012DFD19E600][0000012DFD150840 49] iPadPro129, [0000012DFD191700][0000012DFD110980 49] iPadPro97, [0000012DFD19D000][0000012DFD154AC0 49] iPadPro2_129, [0000012DFD190D00][0000012DFD158C00 49] iPad5, [0000012DFD19CF00][0000012DFD15CD40 49] iPad6, [0000012DFD192300][0000012DFD164EC0 49] iPad7, [0000012DFD19DA00][0000012DFD169040 49] iPad8, [0000012DFD191C00][0000012DFD16D1C0 49] iPadPro11, [0000012DFD19CE00][0000012DFE181340 49] iPadPro2_11, [0000012DFD192600][0000012DFE1854C0 49] iPadPro3_129, [0000012DFD19D200][0000012DFE189640 49] iPadPro4_129, [0000012DFD192100][0000012DFE18D7C0 49] AppleTV, [0000012DFD19C100][0000012DFE191940 49] AppleTV4K, [0000012DFD192900][0000012DFE195AC0 49] TVOS, [0000012DFD19ED00][0000012DFE1980C0 49] Mac, [0000012DFD193500][0000012DFE19C240 49] MacClient, [0000012DFD19F600][0000012DFE1A03C0 49] MacNoEditor, [0000012DFD191000][0000012DFE1A4540 49] MacServer, [0000012DFD19DD00][0000012DFE1A86C0 49] Linux, [0000012DFD193900][0000012DFE1AC840 49] LinuxAArch64, [0000012DFD19C800][0000012DFE1B09C0 49] LinuxNoEditor, [0000012DFD193700][0000012DFE1B4B40 49] LinuxAArch64NoEditor, [0000012DFD19DB00][0000012DFD160C80 49] LinuxClient, [0000012DFD192200][0000012DFE1B8DC0 49] LinuxAArch64Client, [0000012DFD19FD00][0000012DFE1BCF00 49] LinuxServer, [0000012DFD191200][0000012DFE1C5080 49] LinuxAArch64Server, [0000012DFD19EA00][0000012DFE1C9200 49] Android, [0000012DFD1E3400][0000012DFE1CD380 49] Android_Low, [0000012DFD254500][0000012DFE1D1500 49] Android_Mid, [0000012DFD1E0400][0000012DFE1D5680 49] Android_High, [0000012DFD254100][0000012DFE1D9800 49] Android_Default, [0000012DFD1E0700][0000012DFE1DD980 49] Android_Adreno4xx, [0000012DFD254D00][0000012DFE1E1B00 49] Android_Adreno5xx_Low, [0000012DFD1E2D00][0000012DFE1E4100 49] Android_Adreno5xx, [0000012DFD254F00][0000012DFE1E8280 49] Android_Adreno6xx, [0000012DFD1E2900][0000012DFE1EC400 49] Android_Adreno6xx_Vulkan, [0000012DFD255200][0000012DFE1F0580 49] Android_Mali_T6xx, [0000012DFD1E3000][0000012DFE1F4700 49] Android_Mali_T7xx, [0000012DFD256600][0000012DFE1F8880 49] Android_Mali_T8xx, [0000012DFD1E0200][0000012DFE1FCA00 49] Android_Mali_G71, [0000012DFD255400][0000012DFE200B80 49] Android_Mali_G72, [0000012DFD1E1800][0000012DFE204D00 49] Android_Mali_G72_Vulkan, [0000012DFD255F00][0000012DFE1C0E40 49] Android_Mali_G76, [0000012DFD1E1000][0000012DFE208F80 49] Android_Mali_G76_Vulkan, [0000012DFD254300][0000012DFE20D0C0 49] Android_Mali_G77, [0000012DFD1E2000][0000012DFE215240 49] Android_Mali_G77_Vulkan, [0000012DFD254400][0000012DFE2193C0 49] Android_Mali_G78, [0000012DFD1E2800][0000012DFE21D540 49] Android_Mali_G78_Vulkan, [0000012DFD256D00][0000012DFE2CF6C0 49] Android_Mali_G710, [0000012DFD1E3600][0000012DFE2D3840 49] Android_Mali_G710_Vulkan, [0000012DFD256700][0000012DFABDD9C0 49] Android_Vulkan_SM5, [0000012DFD1E3D00][0000012DFABE1B40 49] Android_PowerVR_G6xxx, [0000012DFD254600][0000012DFACB6140 49] Android_PowerVR_GT7xxx, [0000012DFD1E1400][0000012DFCD702C0 49] Android_PowerVR_GE8xxx, [0000012DFD256500][0000012DFCD74440 49] Android_PowerVR_GM9xxx, [0000012DFD19F500][0000012DFCD9E5C0 49] Android_PowerVR_GM9xxx_Vulkan, [0000012DFD255700][0000012DFE56E740 49] Android_TegraK1, [0000012DFD19EB00][0000012DFE5768C0 49] Android_Unknown_Vulkan, [0000012DFD255600][0000012DFCE04A40 49] Lumin, [0000012DFD19F700][0000012DFE57ABC0 49] Lumin_Desktop, [0000012DFD256100][0000012DFCE08D40 49] HoloLens, 
[2021.12.08-20.11.32:324][  0]LogMeshReduction: Using QuadricMeshReduction for automatic static mesh reduction
[2021.12.08-20.11.32:324][  0]LogMeshReduction: Using SimplygonMeshReduction for automatic skeletal mesh reduction
[2021.12.08-20.11.32:324][  0]LogMeshReduction: Using ProxyLODMeshReduction for automatic mesh merging
[2021.12.08-20.11.32:324][  0]LogMeshReduction: No distributed automatic mesh merging module available
[2021.12.08-20.11.32:324][  0]LogMeshMerging: No distributed automatic mesh merging module available
[2021.12.08-20.11.32:338][  0]LogNetVersion: GameVaquero 1.0.0, NetCL: 17155196, EngineNetVer: 17, GameNetVer: 0 (Checksum: 4178434323)
[2021.12.08-20.11.32:710][  0]LogTexture: Default maximum texture size for cubemaps generated from long-lat sources has been changed from 512 to unlimited. In order to preserve old behaiour for '/Engine/MapTemplates/Sky/DaylightAmbientCubemap.DaylightAmbientCubemap', its maximum texture size has been explicitly set to 512.
[2021.12.08-20.11.32:766][  0]LogHMD: PokeAHoleMaterial loaded successfully
[2021.12.08-20.11.32:771][  0]LogUObjectArray: 17178 objects as part of root set at end of initial load.
[2021.12.08-20.11.32:771][  0]LogUObjectAllocator: 4302048 out of 0 bytes used by permanent object pool.
[2021.12.08-20.11.32:771][  0]LogUObjectArray: CloseDisregardForGC: 0/0 objects in disregard for GC pool
[2021.12.08-20.11.33:286][  0]LogNiagaraDebuggerClient: Niagara Debugger Client Initialized | Session: 466D50E54D43AA4F908E2C9238177654 | Instance: C06147964066E2D1E2E714907739770A (DESKTOP-QDB4N37-15256).
[2021.12.08-20.11.33:329][  0]LogPython: Using Python 3.7.7
[2021.12.08-20.11.33:955][  0]LogTcpMessaging: Initializing TcpMessaging bridge
[2021.12.08-20.11.33:960][  0]LogUdpMessaging: Initializing bridge on interface 0.0.0.0:0 to multicast group 230.0.0.1:6666.
[2021.12.08-20.11.34:151][  0]SourceControl: Source control is disabled
[2021.12.08-20.11.34:151][  0]SourceControl: Source control is disabled
[2021.12.08-20.11.34:159][  0]SourceControl: Source control is disabled
[2021.12.08-20.11.34:163][  0]SourceControl: Source control is disabled
[2021.12.08-20.11.34:169][  0]SourceControl: Source control is disabled
[2021.12.08-20.11.34:180][  0]LogUProjectInfo: Found projects:
[2021.12.08-20.11.34:424][  0]LogOpenImageDenoise: OIDN starting up
[2021.12.08-20.11.34:463][  0]LogAndroidPermission: UAndroidPermissionCallbackProxy::GetInstance
[2021.12.08-20.11.34:487][  0]LogAudioCaptureCore: Display: No Audio Capture implementations found. Audio input will be silent.
[2021.12.08-20.11.34:487][  0]LogAudioCaptureCore: Display: No Audio Capture implementations found. Audio input will be silent.
[2021.12.08-20.11.34:615][  0]LogCollectionManager: Loaded 0 collections in 0.002112 seconds
[2021.12.08-20.11.34:640][  0]LogFileCache: Scanning file cache for directory 'C:/Git/labsSEV_Vaqueros/GameVaquero/Saved/Collections/' took 0.00s
[2021.12.08-20.11.34:640][  0]LogFileCache: Scanning file cache for directory 'C:/Git/labsSEV_Vaqueros/GameVaquero/Content/Developers/MOISES/Collections/' took 0.00s
[2021.12.08-20.11.34:640][  0]LogFileCache: Scanning file cache for directory 'C:/Git/labsSEV_Vaqueros/GameVaquero/Content/Collections/' took 0.00s
[2021.12.08-20.11.34:640][  0]LogOcInput: OculusInput pre-init called
[2021.12.08-20.11.34:858][  0]LogEngine: Initializing Engine...
[2021.12.08-20.11.34:860][  0]LogHMD: Failed to enumerate extensions. Please check that you have a valid OpenXR runtime installed.
[2021.12.08-20.11.34:860][  0]LogHMD: Failed to initialize OpenVR with code 110
[2021.12.08-20.11.34:860][  0]LogMagicLeap: Warning: VR disabled because ZI is not enabled.  To enable, in the editor, Edit -> Project Settings -> Plugins -> Magic Leap Plugin -> Enable Zero Iteration
[2021.12.08-20.11.34:861][  0]LogStats: UGameplayTagsManager::InitializeManager -  0.000 s
[2021.12.08-20.11.34:973][  0]LogInit: Initializing FReadOnlyCVARCache
[2021.12.08-20.11.34:982][  0]LogAIModule: Creating AISystem for world Untitled
[2021.12.08-20.11.34:990][  0]LogAudio: Display: Initializing Audio Device Manager...
[2021.12.08-20.11.34:994][  0]LogAudio: Display: Loading Default Audio Settings Objects...
[2021.12.08-20.11.34:994][  0]LogAudio: Display: No default SoundConcurrencyObject specified (or failed to load).
[2021.12.08-20.11.34:995][  0]LogAudio: Display: Audio Device Manager Initialized
[2021.12.08-20.11.34:995][  0]LogAudio: Display: Creating Audio Device:                 Id: 1, Scope: Shared, Realtime: True
[2021.12.08-20.11.34:995][  0]LogAudioMixer: Display: Audio Mixer Platform Settings:
[2021.12.08-20.11.34:995][  0]LogAudioMixer: Display: 	Sample Rate:						  48000
[2021.12.08-20.11.34:995][  0]LogAudioMixer: Display: 	Callback Buffer Frame Size Requested: 1024
[2021.12.08-20.11.34:995][  0]LogAudioMixer: Display: 	Callback Buffer Frame Size To Use:	  1024
[2021.12.08-20.11.34:995][  0]LogAudioMixer: Display: 	Number of buffers to queue:			  2
[2021.12.08-20.11.34:995][  0]LogAudioMixer: Display: 	Max Channels (voices):				  32
[2021.12.08-20.11.34:995][  0]LogAudioMixer: Display: 	Number of Async Source Workers:		  0
[2021.12.08-20.11.34:995][  0]LogAudio: Display: AudioDevice MaxSources: 32
[2021.12.08-20.11.34:995][  0]LogAudio: Display: Audio Spatialization Plugin: None (built-in).
[2021.12.08-20.11.34:995][  0]LogAudio: Display: Audio Reverb Plugin: None (built-in).
[2021.12.08-20.11.34:995][  0]LogAudio: Display: Audio Occlusion Plugin: None (built-in).
[2021.12.08-20.11.34:995][  0]LogAudioMixer: Display: Initializing audio mixer.
[2021.12.08-20.11.35:006][  0]LogAudioMixer: Display: 0: FrontLeft
[2021.12.08-20.11.35:006][  0]LogAudioMixer: Display: 1: FrontRight
[2021.12.08-20.11.35:034][  0]LogAudioMixer: Display: Using Audio Device LG TV (NVIDIA High Definition Audio)
[2021.12.08-20.11.35:038][  0]LogAudioMixer: Display: Initializing Sound Submixes...
[2021.12.08-20.11.35:041][  0]LogAudioMixer: Display: Creating Master Submix 'MasterSubmixDefault'
[2021.12.08-20.11.35:041][  0]LogAudioMixer: Display: Creating Master Submix 'MasterReverbSubmixDefault'
[2021.12.08-20.11.35:042][  0]LogAudioMixer: Display: Creating Master Submix 'MasterEQSubmixDefault'
[2021.12.08-20.11.35:042][  0]LogAudioMixer: FMixerPlatformXAudio2::StartAudioStream() called
[2021.12.08-20.11.35:042][  0]LogAudioMixer: Display: Output buffers initialized: Frames=1024, Channels=2, Samples=2048
[2021.12.08-20.11.35:043][  0]LogAudioMixer: Display: Starting AudioMixerPlatformInterface::RunInternal()
[2021.12.08-20.11.35:043][  0]LogAudioMixer: Display: FMixerPlatformXAudio2::SubmitBuffer() called for the first time
[2021.12.08-20.11.35:043][  0]LogInit: FAudioDevice initialized.
[2021.12.08-20.11.35:043][  0]LogAudio: Display: Audio Device (ID: 1) registered with world 'Untitled'.
[2021.12.08-20.11.35:043][  0]LogNetVersion: Set ProjectVersion to 1.0.0.0. Version Checksum will be recalculated on next use.
[2021.12.08-20.11.35:272][  0]LogDerivedDataCache: Saved boot cache 0.23s 94MB C:/Users/MOISES/AppData/Local/UnrealEngine/4.27/DerivedDataCache/Boot.ddc.
[2021.12.08-20.11.35:273][  0]LogInit: Texture streaming: Enabled
[2021.12.08-20.11.35:286][  0]LogAnalytics: Display: [UEEditor.Rocket.Release] APIServer = https://datarouter.ol.epicgames.com/. AppVersion = 4.27.2-18319896+++UE4+Release-4.27
[2021.12.08-20.11.35:290][  0]LogEngineSessionManager: EngineSessionManager initialized
[2021.12.08-20.11.35:290][  0]LogEditorSessionSummary: Verbose: Initializing EditorSessionSummaryWriter for editor session tracking
[2021.12.08-20.11.35:292][  0]LogEditorSessionSummary: EditorSessionSummaryWriter initialized
[2021.12.08-20.11.35:320][  0]LogInit: Transaction tracking system initialized
[2021.12.08-20.11.35:347][  0]BlueprintLog: New page: Editor Load
[2021.12.08-20.11.35:408][  0]LocalizationService: Localization service is disabled
[2021.12.08-20.11.35:432][  0]TimingProfiler: Initialize
[2021.12.08-20.11.35:432][  0]TimingProfiler: OnSessionChanged
[2021.12.08-20.11.35:432][  0]LoadingProfiler: Initialize
[2021.12.08-20.11.35:432][  0]LoadingProfiler: OnSessionChanged
[2021.12.08-20.11.35:432][  0]NetworkingProfiler: Initialize
[2021.12.08-20.11.35:432][  0]NetworkingProfiler: OnSessionChanged
[2021.12.08-20.11.35:432][  0]MemoryProfiler: Initialize
[2021.12.08-20.11.35:432][  0]MemoryProfiler: OnSessionChanged
[2021.12.08-20.11.35:585][  0]LogCook: Display: CookSettings for Memory: MemoryMaxUsedVirtual 0MiB, MemoryMaxUsedPhysical 16384MiB, MemoryMinFreeVirtual 0MiB, MemoryMinFreePhysical 1024MiB
[2021.12.08-20.11.35:586][  0]LogCook: Display: Mobile HDR setting 1
[2021.12.08-20.11.35:779][  0]LogFileCache: Scanning file cache for directory 'C:/Git/labsSEV_Vaqueros/GameVaquero/Content/' took 0.00s
[2021.12.08-20.11.35:937][  0]LogInit: Display: Engine is initialized. Leaving FEngineLoop::Init()
[2021.12.08-20.11.35:940][  0]SourceControl: Source control is disabled
[2021.12.08-20.11.35:940][  0]LogUnrealEdMisc: Loading editor; pre map load, took 12.879
[2021.12.08-20.11.35:940][  0]Cmd: MAP LOAD FILE="../../../../../../Git/labsSEV_Vaqueros/GameVaquero/Content/Nivel1.umap" TEMPLATE=0 SHOWPROGRESS=1 FEATURELEVEL=3
[2021.12.08-20.11.35:941][  0]LightingResults: New page: Lighting Build
[2021.12.08-20.11.35:942][  0]LogWorld: UWorld::CleanupWorld for Untitled, bSessionEnded=true, bCleanupResources=true
[2021.12.08-20.11.35:942][  0]LogSlate: InvalidateAllWidgets triggered.  All widgets were invalidated
[2021.12.08-20.11.35:942][  0]MapCheck: New page: Map Check
[2021.12.08-20.11.35:942][  0]LightingResults: New page: Lighting Build
[2021.12.08-20.11.35:946][  0]LogAudio: Display: Audio Device unregistered from world 'None'.
[2021.12.08-20.11.35:949][  0]LogUObjectHash: Compacting FUObjectHashTables data took   0.89ms
[2021.12.08-20.11.36:143][  0]LogAudio: Display: Audio Device (ID: 1) registered with world 'Nivel1'.
[2021.12.08-20.11.36:144][  0]LogAIModule: Creating AISystem for world Nivel1
[2021.12.08-20.11.36:147][  0]LogEditorServer: Finished looking for orphan Actors (0.000 secs)
[2021.12.08-20.11.36:156][  0]LogUObjectHash: Compacting FUObjectHashTables data took   1.01ms
[2021.12.08-20.11.36:156][  0]Cmd: MAP CHECKDEP NOCLEARLOG
[2021.12.08-20.11.36:156][  0]MapCheck: Map check complete: 0 Error(s), 0 Warning(s), took 0.181ms to complete.
[2021.12.08-20.11.36:156][  0]LogFileHelpers: Loading map 'Nivel1' took 0.216
[2021.12.08-20.11.36:158][  0]LogUnrealEdMisc: Total Editor Startup Time, took 13.097
[2021.12.08-20.11.36:270][  0]LogSlate: Updating window title bar state: overlay mode, drag disabled, window buttons hidden, title bar hidden
[2021.12.08-20.11.36:277][  0]LogSlate: Updating window title bar state: overlay mode, drag disabled, window buttons hidden, title bar hidden
[2021.12.08-20.11.36:284][  0]LogSlate: Updating window title bar state: overlay mode, drag disabled, window buttons hidden, title bar hidden
[2021.12.08-20.11.36:290][  0]LogSlate: Updating window title bar state: overlay mode, drag disabled, window buttons hidden, title bar hidden
[2021.12.08-20.11.36:306][  0]LogNativeClassHierarchy: Verbose: Native class hierarchy populated in 0.0111 seconds. Added 3822 classes and 928 folders.
[2021.12.08-20.11.36:308][  0]LogNativeClassHierarchy: Verbose: Native class hierarchy updated for 'WidgetCarousel' in 0.0003 seconds. Added 0 classes and 0 folders.
[2021.12.08-20.11.36:310][  0]LogPakFile: PakFile PrimaryIndexSize=187
[2021.12.08-20.11.36:310][  0]LogPakFile: PakFile PathHashIndexSize=101
[2021.12.08-20.11.36:310][  0]LogPakFile: PakFile FullDirectoryIndexSize=148
[2021.12.08-20.11.36:310][  0]LogShaderLibrary: Display: ShaderCodeLibraryPakFileMountedCallback: PakFile 'C:/Program Files/Epic Games/UE_4.27/FeaturePacks/FP_FirstPerson.upack' (chunk index -1, root 'root:/') mounted
[2021.12.08-20.11.36:310][  0]LogShaderLibrary: Display: ShaderCodeLibraryPakFileMountedCallback: pending pak file info (ChunkID:-1 Root:root:/ File:C:/Program Files/Epic Games/UE_4.27/FeaturePacks/FP_FirstPerson.upack)
[2021.12.08-20.11.36:310][  0]LogPakFile: OnPakFileMounted2Time == 0.000063
[2021.12.08-20.11.36:311][  0]LogPakFile: PakFile PrimaryIndexSize=189
[2021.12.08-20.11.36:311][  0]LogPakFile: PakFile PathHashIndexSize=101
[2021.12.08-20.11.36:311][  0]LogPakFile: PakFile FullDirectoryIndexSize=152
[2021.12.08-20.11.36:311][  0]LogShaderLibrary: Display: ShaderCodeLibraryPakFileMountedCallback: PakFile 'C:/Program Files/Epic Games/UE_4.27/FeaturePacks/FP_FirstPersonBP.upack' (chunk index -1, root 'root:/') mounted
[2021.12.08-20.11.36:311][  0]LogShaderLibrary: Display: ShaderCodeLibraryPakFileMountedCallback: pending pak file info (ChunkID:-1 Root:root:/ File:C:/Program Files/Epic Games/UE_4.27/FeaturePacks/FP_FirstPersonBP.upack)
[2021.12.08-20.11.36:311][  0]LogPakFile: OnPakFileMounted2Time == 0.000048
[2021.12.08-20.11.36:312][  0]LogPakFile: PakFile PrimaryIndexSize=191
[2021.12.08-20.11.36:312][  0]LogPakFile: PakFile PathHashIndexSize=101
[2021.12.08-20.11.36:312][  0]LogPakFile: PakFile FullDirectoryIndexSize=160
[2021.12.08-20.11.36:312][  0]LogShaderLibrary: Display: ShaderCodeLibraryPakFileMountedCallback: PakFile 'C:/Program Files/Epic Games/UE_4.27/FeaturePacks/MobileStarterContent.upack' (chunk index -1, root 'root:/') mounted
[2021.12.08-20.11.36:312][  0]LogShaderLibrary: Display: ShaderCodeLibraryPakFileMountedCallback: pending pak file info (ChunkID:-1 Root:root:/ File:C:/Program Files/Epic Games/UE_4.27/FeaturePacks/MobileStarterContent.upack)
[2021.12.08-20.11.36:312][  0]LogPakFile: OnPakFileMounted2Time == 0.000042
[2021.12.08-20.11.36:313][  0]LogPakFile: PakFile PrimaryIndexSize=185
[2021.12.08-20.11.36:313][  0]LogPakFile: PakFile PathHashIndexSize=101
[2021.12.08-20.11.36:313][  0]LogPakFile: PakFile FullDirectoryIndexSize=148
[2021.12.08-20.11.36:313][  0]LogShaderLibrary: Display: ShaderCodeLibraryPakFileMountedCallback: PakFile 'C:/Program Files/Epic Games/UE_4.27/FeaturePacks/StarterContent.upack' (chunk index -1, root 'root:/') mounted
[2021.12.08-20.11.36:313][  0]LogShaderLibrary: Display: ShaderCodeLibraryPakFileMountedCallback: pending pak file info (ChunkID:-1 Root:root:/ File:C:/Program Files/Epic Games/UE_4.27/FeaturePacks/StarterContent.upack)
[2021.12.08-20.11.36:313][  0]LogPakFile: OnPakFileMounted2Time == 0.000046
[2021.12.08-20.11.36:313][  0]LogPakFile: PakFile PrimaryIndexSize=190
[2021.12.08-20.11.36:313][  0]LogPakFile: PakFile PathHashIndexSize=101
[2021.12.08-20.11.36:313][  0]LogPakFile: PakFile FullDirectoryIndexSize=154
[2021.12.08-20.11.36:314][  0]LogShaderLibrary: Display: ShaderCodeLibraryPakFileMountedCallback: PakFile 'C:/Program Files/Epic Games/UE_4.27/FeaturePacks/TP_2DSideScroller.upack' (chunk index -1, root 'root:/') mounted
[2021.12.08-20.11.36:314][  0]LogShaderLibrary: Display: ShaderCodeLibraryPakFileMountedCallback: pending pak file info (ChunkID:-1 Root:root:/ File:C:/Program Files/Epic Games/UE_4.27/FeaturePacks/TP_2DSideScroller.upack)
[2021.12.08-20.11.36:314][  0]LogPakFile: OnPakFileMounted2Time == 0.000043
[2021.12.08-20.11.36:314][  0]LogPakFile: PakFile PrimaryIndexSize=192
[2021.12.08-20.11.36:314][  0]LogPakFile: PakFile PathHashIndexSize=101
[2021.12.08-20.11.36:314][  0]LogPakFile: PakFile FullDirectoryIndexSize=158
[2021.12.08-20.11.36:314][  0]LogShaderLibrary: Display: ShaderCodeLibraryPakFileMountedCallback: PakFile 'C:/Program Files/Epic Games/UE_4.27/FeaturePacks/TP_2DSideScrollerBP.upack' (chunk index -1, root 'root:/') mounted
[2021.12.08-20.11.36:314][  0]LogShaderLibrary: Display: ShaderCodeLibraryPakFileMountedCallback: pending pak file info (ChunkID:-1 Root:root:/ File:C:/Program Files/Epic Games/UE_4.27/FeaturePacks/TP_2DSideScrollerBP.upack)
[2021.12.08-20.11.36:314][  0]LogPakFile: OnPakFileMounted2Time == 0.000042
[2021.12.08-20.11.36:315][  0]LogPakFile: PakFile PrimaryIndexSize=182
[2021.12.08-20.11.36:315][  0]LogPakFile: PakFile PathHashIndexSize=101
[2021.12.08-20.11.36:315][  0]LogPakFile: PakFile FullDirectoryIndexSize=138
[2021.12.08-20.11.36:315][  0]LogShaderLibrary: Display: ShaderCodeLibraryPakFileMountedCallback: PakFile 'C:/Program Files/Epic Games/UE_4.27/FeaturePacks/TP_Flying.upack' (chunk index -1, root 'root:/') mounted
[2021.12.08-20.11.36:315][  0]LogShaderLibrary: Display: ShaderCodeLibraryPakFileMountedCallback: pending pak file info (ChunkID:-1 Root:root:/ File:C:/Program Files/Epic Games/UE_4.27/FeaturePacks/TP_Flying.upack)
[2021.12.08-20.11.36:315][  0]LogPakFile: OnPakFileMounted2Time == 0.000036
[2021.12.08-20.11.36:316][  0]LogPakFile: PakFile PrimaryIndexSize=184
[2021.12.08-20.11.36:316][  0]LogPakFile: PakFile PathHashIndexSize=101
[2021.12.08-20.11.36:316][  0]LogPakFile: PakFile FullDirectoryIndexSize=142
[2021.12.08-20.11.36:316][  0]LogShaderLibrary: Display: ShaderCodeLibraryPakFileMountedCallback: PakFile 'C:/Program Files/Epic Games/UE_4.27/FeaturePacks/TP_FlyingBP.upack' (chunk index -1, root 'root:/') mounted
[2021.12.08-20.11.36:316][  0]LogShaderLibrary: Display: ShaderCodeLibraryPakFileMountedCallback: pending pak file info (ChunkID:-1 Root:root:/ File:C:/Program Files/Epic Games/UE_4.27/FeaturePacks/TP_FlyingBP.upack)
[2021.12.08-20.11.36:316][  0]LogPakFile: OnPakFileMounted2Time == 0.000035
[2021.12.08-20.11.36:316][  0]LogPakFile: PakFile PrimaryIndexSize=188
[2021.12.08-20.11.36:316][  0]LogPakFile: PakFile PathHashIndexSize=101
[2021.12.08-20.11.36:316][  0]LogPakFile: PakFile FullDirectoryIndexSize=150
[2021.12.08-20.11.36:316][  0]LogShaderLibrary: Display: ShaderCodeLibraryPakFileMountedCallback: PakFile 'C:/Program Files/Epic Games/UE_4.27/FeaturePacks/TP_HandheldARBP.upack' (chunk index -1, root 'root:/') mounted
[2021.12.08-20.11.36:316][  0]LogShaderLibrary: Display: ShaderCodeLibraryPakFileMountedCallback: pending pak file info (ChunkID:-1 Root:root:/ File:C:/Program Files/Epic Games/UE_4.27/FeaturePacks/TP_HandheldARBP.upack)
[2021.12.08-20.11.36:316][  0]LogPakFile: OnPakFileMounted2Time == 0.000035
[2021.12.08-20.11.36:317][  0]LogPakFile: PakFile PrimaryIndexSize=182
[2021.12.08-20.11.36:317][  0]LogPakFile: PakFile PathHashIndexSize=101
[2021.12.08-20.11.36:317][  0]LogPakFile: PakFile FullDirectoryIndexSize=138
[2021.12.08-20.11.36:317][  0]LogShaderLibrary: Display: ShaderCodeLibraryPakFileMountedCallback: PakFile 'C:/Program Files/Epic Games/UE_4.27/FeaturePacks/TP_Puzzle.upack' (chunk index -1, root 'root:/') mounted
[2021.12.08-20.11.36:317][  0]LogShaderLibrary: Display: ShaderCodeLibraryPakFileMountedCallback: pending pak file info (ChunkID:-1 Root:root:/ File:C:/Program Files/Epic Games/UE_4.27/FeaturePacks/TP_Puzzle.upack)
[2021.12.08-20.11.36:317][  0]LogPakFile: OnPakFileMounted2Time == 0.000035
[2021.12.08-20.11.36:318][  0]LogPakFile: PakFile PrimaryIndexSize=184
[2021.12.08-20.11.36:318][  0]LogPakFile: PakFile PathHashIndexSize=101
[2021.12.08-20.11.36:318][  0]LogPakFile: PakFile FullDirectoryIndexSize=142
[2021.12.08-20.11.36:318][  0]LogShaderLibrary: Display: ShaderCodeLibraryPakFileMountedCallback: PakFile 'C:/Program Files/Epic Games/UE_4.27/FeaturePacks/TP_PuzzleBP.upack' (chunk index -1, root 'root:/') mounted
[2021.12.08-20.11.36:318][  0]LogShaderLibrary: Display: ShaderCodeLibraryPakFileMountedCallback: pending pak file info (ChunkID:-1 Root:root:/ File:C:/Program Files/Epic Games/UE_4.27/FeaturePacks/TP_PuzzleBP.upack)
[2021.12.08-20.11.36:318][  0]LogPakFile: OnPakFileMounted2Time == 0.000035
[2021.12.08-20.11.36:319][  0]LogPakFile: PakFile PrimaryIndexSize=183
[2021.12.08-20.11.36:319][  0]LogPakFile: PakFile PathHashIndexSize=101
[2021.12.08-20.11.36:319][  0]LogPakFile: PakFile FullDirectoryIndexSize=140
[2021.12.08-20.11.36:319][  0]LogShaderLibrary: Display: ShaderCodeLibraryPakFileMountedCallback: PakFile 'C:/Program Files/Epic Games/UE_4.27/FeaturePacks/TP_Rolling.upack' (chunk index -1, root 'root:/') mounted
[2021.12.08-20.11.36:319][  0]LogShaderLibrary: Display: ShaderCodeLibraryPakFileMountedCallback: pending pak file info (ChunkID:-1 Root:root:/ File:C:/Program Files/Epic Games/UE_4.27/FeaturePacks/TP_Rolling.upack)
[2021.12.08-20.11.36:319][  0]LogPakFile: OnPakFileMounted2Time == 0.000035
[2021.12.08-20.11.36:319][  0]LogPakFile: PakFile PrimaryIndexSize=185
[2021.12.08-20.11.36:319][  0]LogPakFile: PakFile PathHashIndexSize=101
[2021.12.08-20.11.36:319][  0]LogPakFile: PakFile FullDirectoryIndexSize=144
[2021.12.08-20.11.36:319][  0]LogShaderLibrary: Display: ShaderCodeLibraryPakFileMountedCallback: PakFile 'C:/Program Files/Epic Games/UE_4.27/FeaturePacks/TP_RollingBP.upack' (chunk index -1, root 'root:/') mounted
[2021.12.08-20.11.36:319][  0]LogShaderLibrary: Display: ShaderCodeLibraryPakFileMountedCallback: pending pak file info (ChunkID:-1 Root:root:/ File:C:/Program Files/Epic Games/UE_4.27/FeaturePacks/TP_RollingBP.upack)
[2021.12.08-20.11.36:319][  0]LogPakFile: OnPakFileMounted2Time == 0.000036
[2021.12.08-20.11.36:320][  0]LogPakFile: PakFile PrimaryIndexSize=188
[2021.12.08-20.11.36:320][  0]LogPakFile: PakFile PathHashIndexSize=101
[2021.12.08-20.11.36:320][  0]LogPakFile: PakFile FullDirectoryIndexSize=150
[2021.12.08-20.11.36:320][  0]LogShaderLibrary: Display: ShaderCodeLibraryPakFileMountedCallback: PakFile 'C:/Program Files/Epic Games/UE_4.27/FeaturePacks/TP_SideScroller.upack' (chunk index -1, root 'root:/') mounted
[2021.12.08-20.11.36:320][  0]LogShaderLibrary: Display: ShaderCodeLibraryPakFileMountedCallback: pending pak file info (ChunkID:-1 Root:root:/ File:C:/Program Files/Epic Games/UE_4.27/FeaturePacks/TP_SideScroller.upack)
[2021.12.08-20.11.36:320][  0]LogPakFile: OnPakFileMounted2Time == 0.000039
[2021.12.08-20.11.36:320][  0]LogPakFile: PakFile PrimaryIndexSize=190
[2021.12.08-20.11.36:320][  0]LogPakFile: PakFile PathHashIndexSize=101
[2021.12.08-20.11.36:321][  0]LogPakFile: PakFile FullDirectoryIndexSize=154
[2021.12.08-20.11.36:321][  0]LogShaderLibrary: Display: ShaderCodeLibraryPakFileMountedCallback: PakFile 'C:/Program Files/Epic Games/UE_4.27/FeaturePacks/TP_SideScrollerBP.upack' (chunk index -1, root 'root:/') mounted
[2021.12.08-20.11.36:321][  0]LogShaderLibrary: Display: ShaderCodeLibraryPakFileMountedCallback: pending pak file info (ChunkID:-1 Root:root:/ File:C:/Program Files/Epic Games/UE_4.27/FeaturePacks/TP_SideScrollerBP.upack)
[2021.12.08-20.11.36:321][  0]LogPakFile: OnPakFileMounted2Time == 0.000035
[2021.12.08-20.11.36:321][  0]LogPakFile: PakFile PrimaryIndexSize=187
[2021.12.08-20.11.36:321][  0]LogPakFile: PakFile PathHashIndexSize=101
[2021.12.08-20.11.36:321][  0]LogPakFile: PakFile FullDirectoryIndexSize=148
[2021.12.08-20.11.36:321][  0]LogShaderLibrary: Display: ShaderCodeLibraryPakFileMountedCallback: PakFile 'C:/Program Files/Epic Games/UE_4.27/FeaturePacks/TP_ThirdPerson.upack' (chunk index -1, root 'root:/') mounted
[2021.12.08-20.11.36:321][  0]LogShaderLibrary: Display: ShaderCodeLibraryPakFileMountedCallback: pending pak file info (ChunkID:-1 Root:root:/ File:C:/Program Files/Epic Games/UE_4.27/FeaturePacks/TP_ThirdPerson.upack)
[2021.12.08-20.11.36:321][  0]LogPakFile: OnPakFileMounted2Time == 0.000038
[2021.12.08-20.11.36:322][  0]LogPakFile: PakFile PrimaryIndexSize=189
[2021.12.08-20.11.36:322][  0]LogPakFile: PakFile PathHashIndexSize=101
[2021.12.08-20.11.36:322][  0]LogPakFile: PakFile FullDirectoryIndexSize=152
[2021.12.08-20.11.36:322][  0]LogShaderLibrary: Display: ShaderCodeLibraryPakFileMountedCallback: PakFile 'C:/Program Files/Epic Games/UE_4.27/FeaturePacks/TP_ThirdPersonBP.upack' (chunk index -1, root 'root:/') mounted
[2021.12.08-20.11.36:322][  0]LogShaderLibrary: Display: ShaderCodeLibraryPakFileMountedCallback: pending pak file info (ChunkID:-1 Root:root:/ File:C:/Program Files/Epic Games/UE_4.27/FeaturePacks/TP_ThirdPersonBP.upack)
[2021.12.08-20.11.36:322][  0]LogPakFile: OnPakFileMounted2Time == 0.000035
[2021.12.08-20.11.36:322][  0]LogPakFile: PakFile PrimaryIndexSize=183
[2021.12.08-20.11.36:322][  0]LogPakFile: PakFile PathHashIndexSize=101
[2021.12.08-20.11.36:322][  0]LogPakFile: PakFile FullDirectoryIndexSize=140
[2021.12.08-20.11.36:322][  0]LogShaderLibrary: Display: ShaderCodeLibraryPakFileMountedCallback: PakFile 'C:/Program Files/Epic Games/UE_4.27/FeaturePacks/TP_TopDown.upack' (chunk index -1, root 'root:/') mounted
[2021.12.08-20.11.36:323][  0]LogShaderLibrary: Display: ShaderCodeLibraryPakFileMountedCallback: pending pak file info (ChunkID:-1 Root:root:/ File:C:/Program Files/Epic Games/UE_4.27/FeaturePacks/TP_TopDown.upack)
[2021.12.08-20.11.36:323][  0]LogPakFile: OnPakFileMounted2Time == 0.000044
[2021.12.08-20.11.36:323][  0]LogPakFile: PakFile PrimaryIndexSize=185
[2021.12.08-20.11.36:323][  0]LogPakFile: PakFile PathHashIndexSize=101
[2021.12.08-20.11.36:323][  0]LogPakFile: PakFile FullDirectoryIndexSize=144
[2021.12.08-20.11.36:323][  0]LogShaderLibrary: Display: ShaderCodeLibraryPakFileMountedCallback: PakFile 'C:/Program Files/Epic Games/UE_4.27/FeaturePacks/TP_TopDownBP.upack' (chunk index -1, root 'root:/') mounted
[2021.12.08-20.11.36:323][  0]LogShaderLibrary: Display: ShaderCodeLibraryPakFileMountedCallback: pending pak file info (ChunkID:-1 Root:root:/ File:C:/Program Files/Epic Games/UE_4.27/FeaturePacks/TP_TopDownBP.upack)
[2021.12.08-20.11.36:323][  0]LogPakFile: OnPakFileMounted2Time == 0.000035
[2021.12.08-20.11.36:324][  0]LogPakFile: PakFile PrimaryIndexSize=185
[2021.12.08-20.11.36:324][  0]LogPakFile: PakFile PathHashIndexSize=101
[2021.12.08-20.11.36:324][  0]LogPakFile: PakFile FullDirectoryIndexSize=144
[2021.12.08-20.11.36:324][  0]LogShaderLibrary: Display: ShaderCodeLibraryPakFileMountedCallback: PakFile 'C:/Program Files/Epic Games/UE_4.27/FeaturePacks/TP_TwinStick.upack' (chunk index -1, root 'root:/') mounted
[2021.12.08-20.11.36:324][  0]LogShaderLibrary: Display: ShaderCodeLibraryPakFileMountedCallback: pending pak file info (ChunkID:-1 Root:root:/ File:C:/Program Files/Epic Games/UE_4.27/FeaturePacks/TP_TwinStick.upack)
[2021.12.08-20.11.36:324][  0]LogPakFile: OnPakFileMounted2Time == 0.000039
[2021.12.08-20.11.36:324][  0]LogPakFile: PakFile PrimaryIndexSize=187
[2021.12.08-20.11.36:324][  0]LogPakFile: PakFile PathHashIndexSize=101
[2021.12.08-20.11.36:324][  0]LogPakFile: PakFile FullDirectoryIndexSize=148
[2021.12.08-20.11.36:324][  0]LogShaderLibrary: Display: ShaderCodeLibraryPakFileMountedCallback: PakFile 'C:/Program Files/Epic Games/UE_4.27/FeaturePacks/TP_TwinStickBP.upack' (chunk index -1, root 'root:/') mounted
[2021.12.08-20.11.36:324][  0]LogShaderLibrary: Display: ShaderCodeLibraryPakFileMountedCallback: pending pak file info (ChunkID:-1 Root:root:/ File:C:/Program Files/Epic Games/UE_4.27/FeaturePacks/TP_TwinStickBP.upack)
[2021.12.08-20.11.36:324][  0]LogPakFile: OnPakFileMounted2Time == 0.000035
[2021.12.08-20.11.36:325][  0]LogPakFile: PakFile PrimaryIndexSize=183
[2021.12.08-20.11.36:325][  0]LogPakFile: PakFile PathHashIndexSize=101
[2021.12.08-20.11.36:325][  0]LogPakFile: PakFile FullDirectoryIndexSize=140
[2021.12.08-20.11.36:325][  0]LogShaderLibrary: Display: ShaderCodeLibraryPakFileMountedCallback: PakFile 'C:/Program Files/Epic Games/UE_4.27/FeaturePacks/TP_Vehicle.upack' (chunk index -1, root 'root:/') mounted
[2021.12.08-20.11.36:325][  0]LogShaderLibrary: Display: ShaderCodeLibraryPakFileMountedCallback: pending pak file info (ChunkID:-1 Root:root:/ File:C:/Program Files/Epic Games/UE_4.27/FeaturePacks/TP_Vehicle.upack)
[2021.12.08-20.11.36:325][  0]LogPakFile: OnPakFileMounted2Time == 0.000036
[2021.12.08-20.11.36:326][  0]LogPakFile: PakFile PrimaryIndexSize=186
[2021.12.08-20.11.36:326][  0]LogPakFile: PakFile PathHashIndexSize=101
[2021.12.08-20.11.36:326][  0]LogPakFile: PakFile FullDirectoryIndexSize=146
[2021.12.08-20.11.36:326][  0]LogShaderLibrary: Display: ShaderCodeLibraryPakFileMountedCallback: PakFile 'C:/Program Files/Epic Games/UE_4.27/FeaturePacks/TP_VehicleAdv.upack' (chunk index -1, root 'root:/') mounted
[2021.12.08-20.11.36:326][  0]LogShaderLibrary: Display: ShaderCodeLibraryPakFileMountedCallback: pending pak file info (ChunkID:-1 Root:root:/ File:C:/Program Files/Epic Games/UE_4.27/FeaturePacks/TP_VehicleAdv.upack)
[2021.12.08-20.11.36:326][  0]LogPakFile: OnPakFileMounted2Time == 0.000036
[2021.12.08-20.11.36:326][  0]LogPakFile: PakFile PrimaryIndexSize=188
[2021.12.08-20.11.36:326][  0]LogPakFile: PakFile PathHashIndexSize=101
[2021.12.08-20.11.36:326][  0]LogPakFile: PakFile FullDirectoryIndexSize=150
[2021.12.08-20.11.36:326][  0]LogShaderLibrary: Display: ShaderCodeLibraryPakFileMountedCallback: PakFile 'C:/Program Files/Epic Games/UE_4.27/FeaturePacks/TP_VehicleAdvBP.upack' (chunk index -1, root 'root:/') mounted
[2021.12.08-20.11.36:326][  0]LogShaderLibrary: Display: ShaderCodeLibraryPakFileMountedCallback: pending pak file info (ChunkID:-1 Root:root:/ File:C:/Program Files/Epic Games/UE_4.27/FeaturePacks/TP_VehicleAdvBP.upack)
[2021.12.08-20.11.36:326][  0]LogPakFile: OnPakFileMounted2Time == 0.000038
[2021.12.08-20.11.36:327][  0]LogPakFile: PakFile PrimaryIndexSize=185
[2021.12.08-20.11.36:327][  0]LogPakFile: PakFile PathHashIndexSize=101
[2021.12.08-20.11.36:327][  0]LogPakFile: PakFile FullDirectoryIndexSize=144
[2021.12.08-20.11.36:327][  0]LogShaderLibrary: Display: ShaderCodeLibraryPakFileMountedCallback: PakFile 'C:/Program Files/Epic Games/UE_4.27/FeaturePacks/TP_VehicleBP.upack' (chunk index -1, root 'root:/') mounted
[2021.12.08-20.11.36:327][  0]LogShaderLibrary: Display: ShaderCodeLibraryPakFileMountedCallback: pending pak file info (ChunkID:-1 Root:root:/ File:C:/Program Files/Epic Games/UE_4.27/FeaturePacks/TP_VehicleBP.upack)
[2021.12.08-20.11.36:327][  0]LogPakFile: OnPakFileMounted2Time == 0.000038
[2021.12.08-20.11.36:328][  0]LogPakFile: PakFile PrimaryIndexSize=192
[2021.12.08-20.11.36:328][  0]LogPakFile: PakFile PathHashIndexSize=101
[2021.12.08-20.11.36:328][  0]LogPakFile: PakFile FullDirectoryIndexSize=158
[2021.12.08-20.11.36:328][  0]LogShaderLibrary: Display: ShaderCodeLibraryPakFileMountedCallback: PakFile 'C:/Program Files/Epic Games/UE_4.27/FeaturePacks/TP_VirtualRealityBP.upack' (chunk index -1, root 'root:/') mounted
[2021.12.08-20.11.36:328][  0]LogShaderLibrary: Display: ShaderCodeLibraryPakFileMountedCallback: pending pak file info (ChunkID:-1 Root:root:/ File:C:/Program Files/Epic Games/UE_4.27/FeaturePacks/TP_VirtualRealityBP.upack)
[2021.12.08-20.11.36:328][  0]LogPakFile: OnPakFileMounted2Time == 0.000035
[2021.12.08-20.11.36:407][  0]LogNativeClassHierarchy: Verbose: Native class hierarchy updated for 'AddContentDialog' in 0.0003 seconds. Added 0 classes and 0 folders.
[2021.12.08-20.11.36:408][  0]LogNativeClassHierarchy: Verbose: Native class hierarchy updated for 'SceneOutliner' in 0.0002 seconds. Added 2 classes and 0 folders.
[2021.12.08-20.11.36:442][  0]LogSlate: Took 0.000245 seconds to synchronously load lazily loaded font '../../../Engine/Content/Slate/Fonts/Roboto-Regular.ttf' (155K)
[2021.12.08-20.11.36:444][  0]LogSlate: Took 0.000189 seconds to synchronously load lazily loaded font '../../../Engine/Content/Editor/Slate/Fonts/FontAwesome.ttf' (139K)
[2021.12.08-20.11.36:445][  0]LogSlate: Took 0.000177 seconds to synchronously load lazily loaded font '../../../Engine/Content/Slate/Fonts/Roboto-Bold.ttf' (160K)
[2021.12.08-20.11.36:527][  0]LogRenderer: Reallocating scene render targets to support 904x432 Format 10 NumSamples 1 (Frame:1).
[2021.12.08-20.11.36:562][  0]LogSlate: Took 0.000147 seconds to synchronously load lazily loaded font '../../../Engine/Content/Slate/Fonts/Roboto-Light.ttf' (167K)
[2021.12.08-20.11.36:644][  0]LogNativeClassHierarchy: Verbose: Native class hierarchy updated for 'HierarchicalLODOutliner' in 0.0003 seconds. Added 0 classes and 0 folders.
[2021.12.08-20.11.36:644][  0]LogLoad: (Engine Initialization) Total time: 13.58 seconds
[2021.12.08-20.11.36:644][  0]LogLoad: (Engine Initialization) Total Blueprint compile time: 0.00 seconds
[2021.12.08-20.11.36:687][  0]LogAssetRegistry: Asset discovery search completed in 4.7463 seconds
[2021.12.08-20.11.36:693][  0]LogCollectionManager: Fixed up redirectors for 0 collections in 0.000003 seconds (updated 0 objects)
[2021.12.08-20.11.36:695][  0]LogContentStreaming: Texture pool size now 1000 MB
[2021.12.08-20.11.36:861][  5]LogScript: Warning: Accessed None trying to read property CallFunc_TryGetPawnOwner_ReturnValue
	JugadorAnimBlueprint_C /Engine/Transient.World_2:PersistentLevel.SkeletalMeshActor_0.SkeletalMeshComponent0.JugadorAnimBlueprint_C_0
	Function /Game/StarterContent/Jugador/JugadorAnimBlueprint.JugadorAnimBlueprint_C:ExecuteUbergraph_JugadorAnimBlueprint:0040
[2021.12.08-20.11.36:861][  5]LogScript: Warning: Accessed None trying to read property CallFunc_TryGetPawnOwner_ReturnValue
	JugadorAnimBlueprint_C /Engine/Transient.World_2:PersistentLevel.SkeletalMeshActor_0.SkeletalMeshComponent0.JugadorAnimBlueprint_C_0
	Function /Game/StarterContent/Jugador/JugadorAnimBlueprint.JugadorAnimBlueprint_C:ExecuteUbergraph_JugadorAnimBlueprint:00D0
[2021.12.08-20.11.36:861][  5]LogScript: Warning: Accessed None trying to read property CallFunc_TryGetPawnOwner_ReturnValue
	JugadorAnimBlueprint_C /Engine/Transient.World_2:PersistentLevel.SkeletalMeshActor_0.SkeletalMeshComponent0.JugadorAnimBlueprint_C_0
	Function /Game/StarterContent/Jugador/JugadorAnimBlueprint.JugadorAnimBlueprint_C:ExecuteUbergraph_JugadorAnimBlueprint:0102
[2021.12.08-20.11.42:727][613]LogSlate: Took 0.000175 seconds to synchronously load lazily loaded font '../../../Engine/Content/Slate/Fonts/Roboto-Light.ttf' (167K)
[2021.12.08-20.11.42:749][613]LogAssetEditorSubsystem: Opening Asset editor for Blueprint /Game/StarterContent/Jugador/Jugador.Jugador
[2021.12.08-20.11.42:992][613]LogNativeClassHierarchy: Verbose: Native class hierarchy updated for 'BlueprintGraph' in 0.0006 seconds. Added 126 classes and 0 folders.
[2021.12.08-20.11.43:915][613]LogSlate: Took 0.000245 seconds to synchronously load lazily loaded font '../../../Engine/Content/Slate/Fonts/Roboto-BoldCondensed.ttf' (158K)
[2021.12.08-20.11.44:007][614]LogSlate: Took 0.000226 seconds to synchronously load lazily loaded font '../../../Engine/Content/Slate/Fonts/Roboto-Italic.ttf' (157K)
[2021.12.08-20.11.52:057][321]LogAudioDerivedData: Display: Building compressed audio format OGG hash OGG10000-1-1-1-1-1 wave sinMunicion...
[2021.12.08-20.11.52:057][321]LogAudioDerivedData: Display: Compression Quality for SoundWave /Game/StarterContent/Audio/sinMunicion.sinMunicion will be modified from 40 to 40.
[2021.12.08-20.11.52:140][321]LogAudioDerivedData: Display: Updated SoundWave->RawPCMDataSize from 0 to 323584 while cooking SoundWave /Game/StarterContent/Audio/sinMunicion.sinMunicion.
[2021.12.08-20.11.54:263][512]BlueprintLog: New page: Compile Jugador
[2021.12.08-20.11.54:325][512]LogUObjectHash: Compacting FUObjectHashTables data took   2.53ms
[2021.12.08-20.11.54:419][512]LogSlate: Took 0.000133 seconds to synchronously load lazily loaded font '../../../Engine/Content/Slate/Fonts/DroidSansMono.ttf' (77K)
[2021.12.08-20.11.54:997][551]Cmd: OBJ SAVEPACKAGE PACKAGE="/Game/StarterContent/Jugador/Jugador" FILE="../../../../../../Git/labsSEV_Vaqueros/GameVaquero/Content/StarterContent/Jugador/Jugador.uasset" SILENT=true
[2021.12.08-20.11.55:033][551]LogSavePackage: Moving '../../../../../../Git/labsSEV_Vaqueros/GameVaquero/Saved/JugadorDA95A25E4BD3719A4AEF49BFEBE1577D.tmp' to '../../../../../../Git/labsSEV_Vaqueros/GameVaquero/Content/StarterContent/Jugador/Jugador.uasset'
[2021.12.08-20.11.55:050][551]AssetCheck: New page: Asset Save: Jugador
[2021.12.08-20.11.55:050][551]LogContentValidation: Display: Validating Blueprint /Game/StarterContent/Jugador/Jugador.Jugador
[2021.12.08-20.11.55:890][633]LogSlate: Window 'Jugador' being destroyed
[2021.12.08-20.11.55:894][633]LogSlate: Window 'Jugador' being destroyed
[2021.12.08-20.11.55:897][633]LogWorld: UWorld::CleanupWorld for World_6, bSessionEnded=true, bCleanupResources=true
[2021.12.08-20.11.55:897][633]LogSlate: InvalidateAllWidgets triggered.  All widgets were invalidated
[2021.12.08-20.11.57:861][828]LogTemp: Repeating last play command: Selected Viewport
[2021.12.08-20.11.57:867][828]LogPlayLevel: PlayLevel: No blueprints needed recompiling
[2021.12.08-20.11.57:867][828]PIE: New page: PIE session: Nivel1 (Dec 8, 2021, 10:11:57 PM)
[2021.12.08-20.11.57:868][828]LogOnline: OSS: Creating online subsystem instance for: NULL
[2021.12.08-20.11.57:869][828]LogOnline: OSS: TryLoadSubsystemAndSetDefault: Loaded subsystem for module [NULL]
[2021.12.08-20.11.57:870][828]LogPlayLevel: Creating play world package: /Game/UEDPIE_0_Nivel1
[2021.12.08-20.11.57:873][828]LogPlayLevel: PIE: StaticDuplicateObject took: (0.003193s)
[2021.12.08-20.11.57:873][828]LogAIModule: Creating AISystem for world Nivel1
[2021.12.08-20.11.57:874][828]LogPlayLevel: PIE: World Init took: (0.000922s)
[2021.12.08-20.11.57:874][828]LogPlayLevel: PIE: Created PIE world by copying editor world from /Game/Nivel1.Nivel1 to /Game/UEDPIE_0_Nivel1.Nivel1 (0.004227s)
[2021.12.08-20.11.57:891][828]LogUObjectHash: Compacting FUObjectHashTables data took   2.78ms
[2021.12.08-20.11.57:892][828]LogAudio: Display: Creating Audio Device:                 Id: 2, Scope: Unique, Realtime: True
[2021.12.08-20.11.57:892][828]LogAudioMixer: Display: Audio Mixer Platform Settings:
[2021.12.08-20.11.57:892][828]LogAudioMixer: Display: 	Sample Rate:						  48000
[2021.12.08-20.11.57:892][828]LogAudioMixer: Display: 	Callback Buffer Frame Size Requested: 1024
[2021.12.08-20.11.57:892][828]LogAudioMixer: Display: 	Callback Buffer Frame Size To Use:	  1024
[2021.12.08-20.11.57:892][828]LogAudioMixer: Display: 	Number of buffers to queue:			  2
[2021.12.08-20.11.57:892][828]LogAudioMixer: Display: 	Max Channels (voices):				  32
[2021.12.08-20.11.57:892][828]LogAudioMixer: Display: 	Number of Async Source Workers:		  0
[2021.12.08-20.11.57:892][828]LogAudio: Display: AudioDevice MaxSources: 32
[2021.12.08-20.11.57:893][828]LogAudio: Display: Audio Spatialization Plugin: None (built-in).
[2021.12.08-20.11.57:893][828]LogAudio: Display: Audio Reverb Plugin: None (built-in).
[2021.12.08-20.11.57:893][828]LogAudio: Display: Audio Occlusion Plugin: None (built-in).
[2021.12.08-20.11.57:893][828]LogAudioMixer: Display: Initializing audio mixer.
[2021.12.08-20.11.57:895][828]LogAudioMixer: Display: 0: FrontLeft
[2021.12.08-20.11.57:895][828]LogAudioMixer: Display: 1: FrontRight
[2021.12.08-20.11.57:903][828]LogAudioMixer: Display: Using Audio Device LG TV (NVIDIA High Definition Audio)
[2021.12.08-20.11.57:903][828]LogAudioMixer: Display: Initializing Sound Submixes...
[2021.12.08-20.11.57:903][828]LogAudioMixer: Display: Creating Master Submix 'MasterSubmixDefault'
[2021.12.08-20.11.57:903][828]LogAudioMixer: Display: Creating Master Submix 'MasterReverbSubmixDefault'
[2021.12.08-20.11.57:903][828]LogAudioMixer: Display: Creating Master Submix 'MasterEQSubmixDefault'
[2021.12.08-20.11.57:903][828]LogAudioMixer: FMixerPlatformXAudio2::StartAudioStream() called
[2021.12.08-20.11.57:903][828]LogAudioMixer: Display: Output buffers initialized: Frames=1024, Channels=2, Samples=2048
[2021.12.08-20.11.57:904][828]LogAudioMixer: Display: Starting AudioMixerPlatformInterface::RunInternal()
[2021.12.08-20.11.57:904][828]LogAudioMixer: Display: FMixerPlatformXAudio2::SubmitBuffer() called for the first time
[2021.12.08-20.11.57:905][828]LogInit: FAudioDevice initialized.
[2021.12.08-20.11.57:905][828]LogAudio: Display: Audio Device (ID: 2) registered with world 'Nivel1'.
[2021.12.08-20.11.57:925][828]LogLoad: Game class is 'MiModoDeJuego_C'
[2021.12.08-20.11.57:926][828]LogWorld: Bringing World /Game/UEDPIE_0_Nivel1.Nivel1 up for play (max tick rate 0) at 2021.12.08-21.11.57
[2021.12.08-20.11.57:926][828]LogWorld: Bringing up level for play took: 0.000484
[2021.12.08-20.11.57:927][828]LogOnline: OSS: Creating online subsystem instance for: :Context_9
[2021.12.08-20.11.57:930][828]LogNativeClassHierarchy: Verbose: Native class hierarchy updated for 'MovieSceneCapture' in 0.0003 seconds. Added 20 classes and 0 folders.
[2021.12.08-20.11.57:934][828]PIE: Server logged in
[2021.12.08-20.11.57:935][828]PIE: Play in editor total start time 0.069 seconds.
[2021.12.08-20.12.18:682][263]LogNet: Browse: /Game/Nivel1
[2021.12.08-20.12.18:682][263]LogLoad: LoadMap: /Game/Nivel1
[2021.12.08-20.12.18:682][263]LogWorld: BeginTearingDown for /Game/UEDPIE_0_Nivel1
[2021.12.08-20.12.18:683][263]LogWorld: UWorld::CleanupWorld for Nivel1, bSessionEnded=true, bCleanupResources=true
[2021.12.08-20.12.18:684][263]LogSlate: InvalidateAllWidgets triggered.  All widgets were invalidated
[2021.12.08-20.12.18:752][263]LogAudio: Display: Audio Device unregistered from world 'None'.
[2021.12.08-20.12.18:823][263]LogUObjectHash: Compacting FUObjectHashTables data took   4.75ms
[2021.12.08-20.12.18:825][263]LogPlayLevel: Creating play world package: /Game/UEDPIE_0_Nivel1
[2021.12.08-20.12.18:828][263]LogPlayLevel: PIE: StaticDuplicateObject took: (0.003220s)
[2021.12.08-20.12.18:829][263]LogAIModule: Creating AISystem for world Nivel1
[2021.12.08-20.12.18:829][263]LogPlayLevel: PIE: World Init took: (0.000899s)
[2021.12.08-20.12.18:829][263]LogPlayLevel: PIE: Created PIE world by copying editor world from /Game/Nivel1.Nivel1 to /Game/UEDPIE_0_Nivel1.Nivel1 (0.004526s)
[2021.12.08-20.12.18:829][263]LogAudio: Display: Audio Device (ID: 2) registered with world 'Nivel1'.
[2021.12.08-20.12.18:829][263]LogLoad: Game class is 'MiModoDeJuego_C'
[2021.12.08-20.12.18:830][263]LogWorld: Bringing World /Game/UEDPIE_0_Nivel1.Nivel1 up for play (max tick rate 0) at 2021.12.08-21.12.18
[2021.12.08-20.12.18:830][263]LogWorld: Bringing up level for play took: 0.000382
[2021.12.08-20.12.18:834][263]LogLoad: Took 0.151556 seconds to LoadMap(/Game/UEDPIE_0_Nivel1)
[2021.12.08-20.12.26:533][180]LogSlate: Updating window title bar state: overlay mode, drag disabled, window buttons hidden, title bar hidden
[2021.12.08-20.12.26:533][180]LogWorld: BeginTearingDown for /Game/UEDPIE_0_Nivel1
[2021.12.08-20.12.26:533][180]LogWorld: UWorld::CleanupWorld for Nivel1, bSessionEnded=true, bCleanupResources=true
[2021.12.08-20.12.26:534][180]LogSlate: InvalidateAllWidgets triggered.  All widgets were invalidated
[2021.12.08-20.12.26:542][180]LogPlayLevel: Display: Shutting down PIE online subsystems
[2021.12.08-20.12.26:547][180]LogSlate: InvalidateAllWidgets triggered.  All widgets were invalidated
[2021.12.08-20.12.26:563][180]LogSlate: Updating window title bar state: overlay mode, drag disabled, window buttons hidden, title bar hidden
[2021.12.08-20.12.26:573][180]LogAudioMixer: FMixerPlatformXAudio2::StopAudioStream() called
[2021.12.08-20.12.26:574][180]LogAudioMixer: FMixerPlatformXAudio2::StopAudioStream() called
[2021.12.08-20.12.26:601][180]LogUObjectHash: Compacting FUObjectHashTables data took   2.49ms
[2021.12.08-20.12.26:618][181]LogPlayLevel: Display: Destroying online subsystem :Context_9
